{"meta": {"format": 3, "version": "7.15.0", "timestamp": "2026-07-11T12:35:06.482299", "branch_coverage": true, "show_contexts": false}, "files": {"app/api/__init__.py": {"executed_lines": [3, 4], "summary": {"covered_lines": 2, "num_statements": 2, "percent_covered": 100.0, "percent_covered_display": "100.00", "missing_lines": 0, "excluded_lines": 0, "percent_statements_covered": 100.0, "percent_statements_covered_display": "100.00", "num_branches": 0, "num_partial_branches": 0, "covered_branches": 0, "missing_branches": 0, "percent_branches_covered": 100.0, "percent_branches_covered_display": "100.00"}, "missing_lines": [], "excluded_lines": [], "executed_branches": [], "missing_branches": [], "functions": {"": {"executed_lines": [3, 4], "summary": {"covered_lines": 2, "num_statements": 2, "percent_covered": 100.0, "percent_covered_display": "100.00", "missing_lines": 0, "excluded_lines": 0, "percent_statements_covered": 100.0, "percent_statements_covered_display": "100.00", "num_branches": 0, "num_partial_branches": 0, "covered_branches": 0, "missing_branches": 0, "percent_branches_covered": 100.0, "percent_branches_covered_display": "100.00"}, "missing_lines": [], "excluded_lines": [], "start_line": 1, "executed_branches": [], "missing_branches": []}}, "classes": {"": {"executed_lines": [3, 4], "summary": {"covered_lines": 2, "num_statements": 2, "percent_covered": 100.0, "percent_covered_display": "100.00", "missing_lines": 0, "excluded_lines": 0, "percent_statements_covered": 100.0, "percent_statements_covered_display": "100.00", "num_branches": 0, "num_partial_branches": 0, "covered_branches": 0, "missing_branches": 0, "percent_branches_covered": 100.0, "percent_branches_covered_display": "100.00"}, "missing_lines": [], "excluded_lines": [], "start_line": 1, "executed_branches": [], "missing_branches": []}}}, "app/api/actions_runtime_center.py": {"executed_lines": [1, 3, 4, 6, 7, 8, 15, 18, 19, 22, 23, 24, 40, 41, 42, 45, 46, 52, 53, 54, 55, 60, 70, 71, 72, 73, 74, 76, 77], "summary": {"covered_lines": 29, "num_statements": 29, "percent_covered": 100.0, "percent_covered_display": "100.00", "missing_lines": 0, "excluded_lines": 0, "percent_statements_covered": 100.0, "percent_statements_covered_display": "100.00", "num_branches": 2, "num_partial_branches": 0, "covered_branches": 2, "missing_branches": 0, "percent_branches_covered": 100.0, "percent_branches_covered_display": "100.00"}, "missing_lines": [], "excluded_lines": [], "executed_branches": [[73, 74], [73, 76]], "missing_branches": [], "functions": {"status_actions_runtime": {"executed_lines": [24], "summary": {"covered_lines": 1, "num_statements": 1, "percent_covered": 100.0, "percent_covered_display": "100.00", "missing_lines": 0, "excluded_lines": 0, "percent_statements_covered": 100.0, "percent_statements_covered_display": "100.00", "num_branches": 0, "num_partial_branches": 0, "covered_branches": 0, "missing_branches": 0, "percent_branches_covered": 100.0, "percent_branches_covered_display": "100.00"}, "missing_lines": [], "excluded_lines": [], "start_line": 23, "executed_branches": [], "missing_branches": []}, "snapshot_manual": {"executed_lines": [42], "summary": {"covered_lines": 1, "num_statements": 1, "percent_covered": 100.0, "percent_covered_display": "100.00", "missing_lines": 0, "excluded_lines": 0, "percent_statements_covered": 100.0, "percent_statements_covered_display": "100.00", "num_branches": 0, "num_partial_branches": 0, "covered_branches": 0, "missing_branches": 0, "percent_branches_covered": 100.0, "percent_branches_covered_display": "100.00"}, "missing_lines": [], "excluded_lines": [], "start_line": 41, "executed_branches": [], "missing_branches": []}, "github_runs": {"executed_lines": [52, 53, 54, 55, 60], "summary": {"covered_lines": 5, "num_statements": 5, "percent_covered": 100.0, "percent_covered_display": "100.00", "missing_lines": 0, "excluded_lines": 0, "percent_statements_covered": 100.0, "percent_statements_covered_display": "100.00", "num_branches": 0, "num_partial_branches": 0, "covered_branches": 0, "missing_branches": 0, "percent_branches_covered": 100.0, "percent_branches_covered_display": "100.00"}, "missing_lines": [], "excluded_lines": [], "start_line": 46, "executed_branches": [], "missing_branches": []}, "github_webhook_event": {"executed_lines": [72, 73, 74, 76, 77], "summary": {"covered_lines": 5, "num_statements": 5, "percent_covered": 100.0, "percent_covered_display": "100.00", "missing_lines": 0, "excluded_lines": 0, "percent_statements_covered": 100.0, "percent_statements_covered_display": "100.00", "num_branches": 2, "num_partial_branches": 0, "covered_branches": 2, "missing_branches": 0, "percent_branches_covered": 100.0, "percent_branches_covered_display": "100.00"}, "missing_lines": [], "excluded_lines": [], "start_line": 71, "executed_branches": [[73, 74], [73, 76]], "missing_branches": []}, "": {"executed_lines": [1, 3, 4, 6, 7, 8, 15, 18, 19, 22, 23, 40, 41, 45, 46, 70, 71], "summary": {"covered_lines": 17, "num_statements": 17, "percent_covered": 100.0, "percent_covered_display": "100.00", "missing_lines": 0, "excluded_lines": 0, "percent_statements_covered": 100.0, "percent_statements_covered_display": "100.00", "num_branches": 0, "num_partial_branches": 0, "covered_branches": 0, "missing_branches": 0, "percent_branches_covered": 100.0, "percent_branches_covered_display": "100.00"}, "missing_lines": [], "excluded_lines": [], "start_line": 1, "executed_branches": [], "missing_branches": []}}, "classes": {"RunsSnapshotRequest": {"executed_lines": [], "summary": {"covered_lines": 0, "num_statements": 0, "percent_covered": 100.0, "percent_covered_display": "100.00", "missing_lines": 0, "excluded_lines": 0, "percent_statements_covered": 100.0, "percent_statements_covered_display": "100.00", "num_branches": 0, "num_partial_branches": 0, "covered_branches": 0, "missing_branches": 0, "percent_branches_covered": 100.0, "percent_branches_covered_display": "100.00"}, "missing_lines": [], "excluded_lines": [], "start_line": 18, "executed_branches": [], "missing_branches": []}, "": {"executed_lines": [1, 3, 4, 6, 7, 8, 15, 18, 19, 22, 23, 24, 40, 41, 42, 45, 46, 52, 53, 54, 55, 60, 70, 71, 72, 73, 74, 76, 77], "summary": {"covered_lines": 29, "num_statements": 29, "percent_covered": 100.0, "percent_covered_display": "100.00", "missing_lines": 0, "excluded_lines": 0, "percent_statements_covered": 100.0, "percent_statements_covered_display": "100.00", "num_branches": 2, "num_partial_branches": 0, "covered_branches": 2, "missing_branches": 0, "percent_branches_covered": 100.0, "percent_branches_covered_display": "100.00"}, "missing_lines": [], "excluded_lines": [], "start_line": 1, "executed_branches": [[73, 74], [73, 76]], "missing_branches": []}}}, "app/api/agents.py": {"executed_lines": [1, 3, 4, 5, 6, 8, 9, 10, 11, 18, 21, 24, 27, 34, 35, 46, 49, 50, 51, 52, 53, 54, 57, 58, 61, 62, 63, 64, 65, 66, 69, 70, 73, 74, 76, 79, 80, 82, 85, 86, 88, 89, 90, 97, 98, 100, 103, 104, 114, 115, 125, 126, 132, 140, 143, 144, 150, 161, 164, 165, 167, 170, 171, 173, 176, 177, 179, 182, 183, 185, 188, 189, 191, 200, 201, 203, 204, 212, 213, 219, 227, 230, 231, 237, 248, 251, 252, 254, 257, 258, 260, 263, 264, 266, 269, 270, 272], "summary": {"covered_lines": 97, "num_statements": 100, "percent_covered": 97.0, "percent_covered_display": "97.00", "missing_lines": 3, "excluded_lines": 0, "percent_statements_covered": 97.0, "percent_statements_covered_display": "97.00", "num_branches": 0, "num_partial_branches": 0, "covered_branches": 0, "missing_branches": 0, "percent_branches_covered": 100.0, "percent_branches_covered_display": "100.00"}, "missing_lines": [106, 117, 118], "excluded_lines": [], "executed_branches": [], "missing_branches": [], "functions": {"obter_catalogo_agentes": {"executed_lines": [76], "summary": {"covered_lines": 1, "num_statements": 1, "percent_covered": 100.0, "percent_covered_display": "100.00", "missing_lines": 0, "excluded_lines": 0, "percent_statements_covered": 100.0, "percent_statements_covered_display": "100.00", "num_branches": 0, "num_partial_branches": 0, "covered_branches": 0, "missing_branches": 0, "percent_branches_covered": 100.0, "percent_branches_covered_display": "100.00"}, "missing_lines": [], "excluded_lines": [], "start_line": 74, "executed_branches": [], "missing_branches": []}, "gerar_agentes": {"executed_lines": [82], "summary": {"covered_lines": 1, "num_statements": 1, "percent_covered": 100.0, "percent_covered_display": "100.00", "missing_lines": 0, "excluded_lines": 0, "percent_statements_covered": 100.0, "percent_statements_covered_display": "100.00", "num_branches": 0, "num_partial_branches": 0, "covered_branches": 0, "missing_branches": 0, "percent_branches_covered": 100.0, "percent_branches_covered_display": "100.00"}, "missing_lines": [], "excluded_lines": [], "start_line": 80, "executed_branches": [], "missing_branches": []}, "baixar_zip_agentes": {"executed_lines": [88, 89, 90], "summary": {"covered_lines": 3, "num_statements": 3, "percent_covered": 100.0, "percent_covered_display": "100.00", "missing_lines": 0, "excluded_lines": 0, "percent_statements_covered": 100.0, "percent_statements_covered_display": "100.00", "num_branches": 0, "num_partial_branches": 0, "covered_branches": 0, "missing_branches": 0, "percent_branches_covered": 100.0, "percent_branches_covered_display": "100.00"}, "missing_lines": [], "excluded_lines": [], "start_line": 86, "executed_branches": [], "missing_branches": []}, "provisionar_agentes_copilot_studio": {"executed_lines": [100], "summary": {"covered_lines": 1, "num_statements": 1, "percent_covered": 100.0, "percent_covered_display": "100.00", "missing_lines": 0, "excluded_lines": 0, "percent_statements_covered": 100.0, "percent_statements_covered_display": "100.00", "num_branches": 0, "num_partial_branches": 0, "covered_branches": 0, "missing_branches": 0, "percent_branches_covered": 100.0, "percent_branches_covered_display": "100.00"}, "missing_lines": [], "excluded_lines": [], "start_line": 98, "executed_branches": [], "missing_branches": []}, "health_orquestrador": {"executed_lines": [], "summary": {"covered_lines": 0, "num_statements": 1, "percent_covered": 0.0, "percent_covered_display": "0.00", "missing_lines": 1, "excluded_lines": 0, "percent_statements_covered": 0.0, "percent_statements_covered_display": "0.00", "num_branches": 0, "num_partial_branches": 0, "covered_branches": 0, "missing_branches": 0, "percent_branches_covered": 100.0, "percent_branches_covered_display": "100.00"}, "missing_lines": [106], "excluded_lines": [], "start_line": 104, "executed_branches": [], "missing_branches": []}, "listar_coordenadores_orquestrador": {"executed_lines": [], "summary": {"covered_lines": 0, "num_statements": 2, "percent_covered": 0.0, "percent_covered_display": "0.00", "missing_lines": 2, "excluded_lines": 0, "percent_statements_covered": 0.0, "percent_statements_covered_display": "0.00", "num_branches": 0, "num_partial_branches": 0, "covered_branches": 0, "missing_branches": 0, "percent_branches_covered": 100.0, "percent_branches_covered_display": "100.00"}, "missing_lines": [117, 118], "excluded_lines": [], "start_line": 115, "executed_branches": [], "missing_branches": []}, "rotear_demanda_orquestrador": {"executed_lines": [132, 140], "summary": {"covered_lines": 2, "num_statements": 2, "percent_covered": 100.0, "percent_covered_display": "100.00", "missing_lines": 0, "excluded_lines": 0, "percent_statements_covered": 100.0, "percent_statements_covered_display": "100.00", "num_branches": 0, "num_partial_branches": 0, "covered_branches": 0, "missing_branches": 0, "percent_branches_covered": 100.0, "percent_branches_covered_display": "100.00"}, "missing_lines": [], "excluded_lines": [], "start_line": 126, "executed_branches": [], "missing_branches": []}, "rotear_lote_orquestrador": {"executed_lines": [150, 161], "summary": {"covered_lines": 2, "num_statements": 2, "percent_covered": 100.0, "percent_covered_display": "100.00", "missing_lines": 0, "excluded_lines": 0, "percent_statements_covered": 100.0, "percent_statements_covered_display": "100.00", "num_branches": 0, "num_partial_branches": 0, "covered_branches": 0, "missing_branches": 0, "percent_branches_covered": 100.0, "percent_branches_covered_display": "100.00"}, "missing_lines": [], "excluded_lines": [], "start_line": 144, "executed_branches": [], "missing_branches": []}, "resumo_analytics_orquestrador": {"executed_lines": [167], "summary": {"covered_lines": 1, "num_statements": 1, "percent_covered": 100.0, "percent_covered_display": "100.00", "missing_lines": 0, "excluded_lines": 0, "percent_statements_covered": 100.0, "percent_statements_covered_display": "100.00", "num_branches": 0, "num_partial_branches": 0, "covered_branches": 0, "missing_branches": 0, "percent_branches_covered": 100.0, "percent_branches_covered_display": "100.00"}, "missing_lines": [], "excluded_lines": [], "start_line": 165, "executed_branches": [], "missing_branches": []}, "analytics_temas_orquestrador": {"executed_lines": [173], "summary": {"covered_lines": 1, "num_statements": 1, "percent_covered": 100.0, "percent_covered_display": "100.00", "missing_lines": 0, "excluded_lines": 0, "percent_statements_covered": 100.0, "percent_statements_covered_display": "100.00", "num_branches": 0, "num_partial_branches": 0, "covered_branches": 0, "missing_branches": 0, "percent_branches_covered": 100.0, "percent_branches_covered_display": "100.00"}, "missing_lines": [], "excluded_lines": [], "start_line": 171, "executed_branches": [], "missing_branches": []}, "analytics_coordenadores_orquestrador": {"executed_lines": [179], "summary": {"covered_lines": 1, "num_statements": 1, "percent_covered": 100.0, "percent_covered_display": "100.00", "missing_lines": 0, "excluded_lines": 0, "percent_statements_covered": 100.0, "percent_statements_covered_display": "100.00", "num_branches": 0, "num_partial_branches": 0, "covered_branches": 0, "missing_branches": 0, "percent_branches_covered": 100.0, "percent_branches_covered_display": "100.00"}, "missing_lines": [], "excluded_lines": [], "start_line": 177, "executed_branches": [], "missing_branches": []}, "analytics_risco_orquestrador": {"executed_lines": [185], "summary": {"covered_lines": 1, "num_statements": 1, "percent_covered": 100.0, "percent_covered_display": "100.00", "missing_lines": 0, "excluded_lines": 0, "percent_statements_covered": 100.0, "percent_statements_covered_display": "100.00", "num_branches": 0, "num_partial_branches": 0, "covered_branches": 0, "missing_branches": 0, "percent_branches_covered": 100.0, "percent_branches_covered_display": "100.00"}, "missing_lines": [], "excluded_lines": [], "start_line": 183, "executed_branches": [], "missing_branches": []}, "health_coordenacao_adr": {"executed_lines": [191], "summary": {"covered_lines": 1, "num_statements": 1, "percent_covered": 100.0, "percent_covered_display": "100.00", "missing_lines": 0, "excluded_lines": 0, "percent_statements_covered": 100.0, "percent_statements_covered_display": "100.00", "num_branches": 0, "num_partial_branches": 0, "covered_branches": 0, "missing_branches": 0, "percent_branches_covered": 100.0, "percent_branches_covered_display": "100.00"}, "missing_lines": [], "excluded_lines": [], "start_line": 189, "executed_branches": [], "missing_branches": []}, "listar_coordenadores_adr_endpoint": {"executed_lines": [203, 204], "summary": {"covered_lines": 2, "num_statements": 2, "percent_covered": 100.0, "percent_covered_display": "100.00", "missing_lines": 0, "excluded_lines": 0, "percent_statements_covered": 100.0, "percent_statements_covered_display": "100.00", "num_branches": 0, "num_partial_branches": 0, "covered_branches": 0, "missing_branches": 0, "percent_branches_covered": 100.0, "percent_branches_covered_display": "100.00"}, "missing_lines": [], "excluded_lines": [], "start_line": 201, "executed_branches": [], "missing_branches": []}, "rotear_demanda_adr": {"executed_lines": [219, 227], "summary": {"covered_lines": 2, "num_statements": 2, "percent_covered": 100.0, "percent_covered_display": "100.00", "missing_lines": 0, "excluded_lines": 0, "percent_statements_covered": 100.0, "percent_statements_covered_display": "100.00", "num_branches": 0, "num_partial_branches": 0, "covered_branches": 0, "missing_branches": 0, "percent_branches_covered": 100.0, "percent_branches_covered_display": "100.00"}, "missing_lines": [], "excluded_lines": [], "start_line": 213, "executed_branches": [], "missing_branches": []}, "rotear_lote_adr": {"executed_lines": [237, 248], "summary": {"covered_lines": 2, "num_statements": 2, "percent_covered": 100.0, "percent_covered_display": "100.00", "missing_lines": 0, "excluded_lines": 0, "percent_statements_covered": 100.0, "percent_statements_covered_display": "100.00", "num_branches": 0, "num_partial_branches": 0, "covered_branches": 0, "missing_branches": 0, "percent_branches_covered": 100.0, "percent_branches_covered_display": "100.00"}, "missing_lines": [], "excluded_lines": [], "start_line": 231, "executed_branches": [], "missing_branches": []}, "resumo_analytics_adr": {"executed_lines": [254], "summary": {"covered_lines": 1, "num_statements": 1, "percent_covered": 100.0, "percent_covered_display": "100.00", "missing_lines": 0, "excluded_lines": 0, "percent_statements_covered": 100.0, "percent_statements_covered_display": "100.00", "num_branches": 0, "num_partial_branches": 0, "covered_branches": 0, "missing_branches": 0, "percent_branches_covered": 100.0, "percent_branches_covered_display": "100.00"}, "missing_lines": [], "excluded_lines": [], "start_line": 252, "executed_branches": [], "missing_branches": []}, "analytics_por_adr": {"executed_lines": [260], "summary": {"covered_lines": 1, "num_statements": 1, "percent_covered": 100.0, "percent_covered_display": "100.00", "missing_lines": 0, "excluded_lines": 0, "percent_statements_covered": 100.0, "percent_statements_covered_display": "100.00", "num_branches": 0, "num_partial_branches": 0, "covered_branches": 0, "missing_branches": 0, "percent_branches_covered": 100.0, "percent_branches_covered_display": "100.00"}, "missing_lines": [], "excluded_lines": [], "start_line": 258, "executed_branches": [], "missing_branches": []}, "analytics_coordenadores_adr": {"executed_lines": [266], "summary": {"covered_lines": 1, "num_statements": 1, "percent_covered": 100.0, "percent_covered_display": "100.00", "missing_lines": 0, "excluded_lines": 0, "percent_statements_covered": 100.0, "percent_statements_covered_display": "100.00", "num_branches": 0, "num_partial_branches": 0, "covered_branches": 0, "missing_branches": 0, "percent_branches_covered": 100.0, "percent_branches_covered_display": "100.00"}, "missing_lines": [], "excluded_lines": [], "start_line": 264, "executed_branches": [], "missing_branches": []}, "analytics_risco_adr": {"executed_lines": [272], "summary": {"covered_lines": 1, "num_statements": 1, "percent_covered": 100.0, "percent_covered_display": "100.00", "missing_lines": 0, "excluded_lines": 0, "percent_statements_covered": 100.0, "percent_statements_covered_display": "100.00", "num_branches": 0, "num_partial_branches": 0, "covered_branches": 0, "missing_branches": 0, "percent_branches_covered": 100.0, "percent_branches_covered_display": "100.00"}, "missing_lines": [], "excluded_lines": [], "start_line": 270, "executed_branches": [], "missing_branches": []}, "": {"executed_lines": [1, 3, 4, 5, 6, 8, 9, 10, 11, 18, 21, 24, 27, 34, 35, 46, 49, 50, 51, 52, 53, 54, 57, 58, 61, 62, 63, 64, 65, 66, 69, 70, 73, 74, 79, 80, 85, 86, 97, 98, 103, 104, 114, 115, 125, 126, 143, 144, 164, 165, 170, 171, 176, 177, 182, 183, 188, 189, 200, 201, 212, 213, 230, 231, 251, 252, 257, 258, 263, 264, 269, 270], "summary": {"covered_lines": 72, "num_statements": 72, "percent_covered": 100.0, "percent_covered_display": "100.00", "missing_lines": 0, "excluded_lines": 0, "percent_statements_covered": 100.0, "percent_statements_covered_display": "100.00", "num_branches": 0, "num_partial_branches": 0, "covered_branches": 0, "missing_branches": 0, "percent_branches_covered": 100.0, "percent_branches_covered_display": "100.00"}, "missing_lines": [], "excluded_lines": [], "start_line": 1, "executed_branches": [], "missing_branches": []}}, "classes": {"DemandaOrquestradorIn": {"executed_lines": [], "summary": {"covered_lines": 0, "num_statements": 0, "percent_covered": 100.0, "percent_covered_display": "100.00", "missing_lines": 0, "excluded_lines": 0, "percent_statements_covered": 100.0, "percent_statements_covered_display": "100.00", "num_branches": 0, "num_partial_branches": 0, "covered_branches": 0, "missing_branches": 0, "percent_branches_covered": 100.0, "percent_branches_covered_display": "100.00"}, "missing_lines": [], "excluded_lines": [], "start_line": 49, "executed_branches": [], "missing_branches": []}, "LoteDemandasOrquestradorIn": {"executed_lines": [], "summary": {"covered_lines": 0, "num_statements": 0, "percent_covered": 100.0, "percent_covered_display": "100.00", "missing_lines": 0, "excluded_lines": 0, "percent_statements_covered": 100.0, "percent_statements_covered_display": "100.00", "num_branches": 0, "num_partial_branches": 0, "covered_branches": 0, "missing_branches": 0, "percent_branches_covered": 100.0, "percent_branches_covered_display": "100.00"}, "missing_lines": [], "excluded_lines": [], "start_line": 57, "executed_branches": [], "missing_branches": []}, "DemandaAdrIn": {"executed_lines": [], "summary": {"covered_lines": 0, "num_statements": 0, "percent_covered": 100.0, "percent_covered_display": "100.00", "missing_lines": 0, "excluded_lines": 0, "percent_statements_covered": 100.0, "percent_statements_covered_display": "100.00", "num_branches": 0, "num_partial_branches": 0, "covered_branches": 0, "missing_branches": 0, "percent_branches_covered": 100.0, "percent_branches_covered_display": "100.00"}, "missing_lines": [], "excluded_lines": [], "start_line": 61, "executed_branches": [], "missing_branches": []}, "LoteDemandasAdrIn": {"executed_lines": [], "summary": {"covered_lines": 0, "num_statements": 0, "percent_covered": 100.0, "percent_covered_display": "100.00", "missing_lines": 0, "excluded_lines": 0, "percent_statements_covered": 100.0, "percent_statements_covered_display": "100.00", "num_branches": 0, "num_partial_branches": 0, "covered_branches": 0, "missing_branches": 0, "percent_branches_covered": 100.0, "percent_branches_covered_display": "100.00"}, "missing_lines": [], "excluded_lines": [], "start_line": 69, "executed_branches": [], "missing_branches": []}, "": {"executed_lines": [1, 3, 4, 5, 6, 8, 9, 10, 11, 18, 21, 24, 27, 34, 35, 46, 49, 50, 51, 52, 53, 54, 57, 58, 61, 62, 63, 64, 65, 66, 69, 70, 73, 74, 76, 79, 80, 82, 85, 86, 88, 89, 90, 97, 98, 100, 103, 104, 114, 115, 125, 126, 132, 140, 143, 144, 150, 161, 164, 165, 167, 170, 171, 173, 176, 177, 179, 182, 183, 185, 188, 189, 191, 200, 201, 203, 204, 212, 213, 219, 227, 230, 231, 237, 248, 251, 252, 254, 257, 258, 260, 263, 264, 266, 269, 270, 272], "summary": {"covered_lines": 97, "num_statements": 100, "percent_covered": 97.0, "percent_covered_display": "97.00", "missing_lines": 3, "excluded_lines": 0, "percent_statements_covered": 97.0, "percent_statements_covered_display": "97.00", "num_branches": 0, "num_partial_branches": 0, "covered_branches": 0, "missing_branches": 0, "percent_branches_covered": 100.0, "percent_branches_covered_display": "100.00"}, "missing_lines": [106, 117, 118], "excluded_lines": [], "start_line": 1, "executed_branches": [], "missing_branches": []}}}, "app/api/agile_runtime.py": {"executed_lines": [1, 3, 4, 6, 7, 8, 9, 24, 25, 26, 27, 32, 34, 54, 55, 58, 59, 60, 61, 62, 65, 66, 67, 83, 84, 85, 86, 87, 88, 89, 90, 91, 92, 94, 104, 107, 108, 109, 110, 113, 114, 115, 116, 118, 119, 120, 121, 122, 131, 134, 135, 136, 137, 140, 141, 142, 143, 144, 145, 146, 155, 158, 159, 164, 165, 166, 167, 168, 173, 174, 180, 181, 182, 183, 191, 192, 195, 198, 199, 200, 201, 204, 205, 210, 211, 212, 213, 214, 215, 216, 217, 218, 220, 232, 233, 235, 244, 247, 248, 254, 255, 256, 257, 258, 263, 264, 265, 266, 267, 276, 279, 280, 286, 287, 288, 289, 290, 291, 292, 301, 304, 305, 306, 307, 308, 311, 312, 318, 319, 324, 325, 326, 327, 336], "summary": {"covered_lines": 134, "num_statements": 138, "percent_covered": 96.62162162162163, "percent_covered_display": "96.62", "missing_lines": 4, "excluded_lines": 0, "percent_statements_covered": 97.10144927536231, "percent_statements_covered_display": "97.10", "num_branches": 10, "num_partial_branches": 1, "covered_branches": 9, "missing_branches": 1, "percent_branches_covered": 90.0, "percent_branches_covered_display": "90.00"}, "missing_lines": [169, 170, 193, 194], "excluded_lines": [], "executed_branches": [[60, 61], [60, 62], [115, 116], [115, 118], [214, 215], [257, 258], [257, 263], [287, 288], [287, 289]], "missing_branches": [[214, 216]], "functions": {"_codigo": {"executed_lines": [55], "summary": {"covered_lines": 1, "num_statements": 1, "percent_covered": 100.0, "percent_covered_display": "100.00", "missing_lines": 0, "excluded_lines": 0, "percent_statements_covered": 100.0, "percent_statements_covered_display": "100.00", "num_branches": 0, "num_partial_branches": 0, "covered_branches": 0, "missing_branches": 0, "percent_branches_covered": 100.0, "percent_branches_covered_display": "100.00"}, "missing_lines": [], "excluded_lines": [], "start_line": 54, "executed_branches": [], "missing_branches": []}, "_get_work_item": {"executed_lines": [59, 60, 61, 62], "summary": {"covered_lines": 4, "num_statements": 4, "percent_covered": 100.0, "percent_covered_display": "100.00", "missing_lines": 0, "excluded_lines": 0, "percent_statements_covered": 100.0, "percent_statements_covered_display": "100.00", "num_branches": 2, "num_partial_branches": 0, "covered_branches": 2, "missing_branches": 0, "percent_branches_covered": 100.0, "percent_branches_covered_display": "100.00"}, "missing_lines": [], "excluded_lines": [], "start_line": 58, "executed_branches": [[60, 61], [60, 62]], "missing_branches": []}, "_routing_out": {"executed_lines": [66, 67], "summary": {"covered_lines": 2, "num_statements": 2, "percent_covered": 100.0, "percent_covered_display": "100.00", "missing_lines": 0, "excluded_lines": 0, "percent_statements_covered": 100.0, "percent_statements_covered_display": "100.00", "num_branches": 0, "num_partial_branches": 0, "covered_branches": 0, "missing_branches": 0, "percent_branches_covered": 100.0, "percent_branches_covered_display": "100.00"}, "missing_lines": [], "excluded_lines": [], "start_line": 65, "executed_branches": [], "missing_branches": []}, "resumo": {"executed_lines": [85, 86, 87, 88, 89, 90, 91, 92, 94, 104], "summary": {"covered_lines": 10, "num_statements": 10, "percent_covered": 100.0, "percent_covered_display": "100.00", "missing_lines": 0, "excluded_lines": 0, "percent_statements_covered": 100.0, "percent_statements_covered_display": "100.00", "num_branches": 0, "num_partial_branches": 0, "covered_branches": 0, "missing_branches": 0, "percent_branches_covered": 100.0, "percent_branches_covered_display": "100.00"}, "missing_lines": [], "excluded_lines": [], "start_line": 84, "executed_branches": [], "missing_branches": []}, "listar_sprints": {"executed_lines": [109, 110], "summary": {"covered_lines": 2, "num_statements": 2, "percent_covered": 100.0, "percent_covered_display": "100.00", "missing_lines": 0, "excluded_lines": 0, "percent_statements_covered": 100.0, "percent_statements_covered_display": "100.00", "num_branches": 0, "num_partial_branches": 0, "covered_branches": 0, "missing_branches": 0, "percent_branches_covered": 100.0, "percent_branches_covered_display": "100.00"}, "missing_lines": [], "excluded_lines": [], "start_line": 108, "executed_branches": [], "missing_branches": []}, "criar_sprint": {"executed_lines": [115, 116, 118, 119, 120, 121, 122, 131], "summary": {"covered_lines": 8, "num_statements": 8, "percent_covered": 100.0, "percent_covered_display": "100.00", "missing_lines": 0, "excluded_lines": 0, "percent_statements_covered": 100.0, "percent_statements_covered_display": "100.00", "num_branches": 2, "num_partial_branches": 0, "covered_branches": 2, "missing_branches": 0, "percent_branches_covered": 100.0, "percent_branches_covered_display": "100.00"}, "missing_lines": [], "excluded_lines": [], "start_line": 114, "executed_branches": [[115, 116], [115, 118]], "missing_branches": []}, "listar_work_items": {"executed_lines": [136, 137], "summary": {"covered_lines": 2, "num_statements": 2, "percent_covered": 100.0, "percent_covered_display": "100.00", "missing_lines": 0, "excluded_lines": 0, "percent_statements_covered": 100.0, "percent_statements_covered_display": "100.00", "num_branches": 0, "num_partial_branches": 0, "covered_branches": 0, "missing_branches": 0, "percent_branches_covered": 100.0, "percent_branches_covered_display": "100.00"}, "missing_lines": [], "excluded_lines": [], "start_line": 135, "executed_branches": [], "missing_branches": []}, "criar_work_item": {"executed_lines": [142, 143, 144, 145, 146, 155], "summary": {"covered_lines": 6, "num_statements": 6, "percent_covered": 100.0, "percent_covered_display": "100.00", "missing_lines": 0, "excluded_lines": 0, "percent_statements_covered": 100.0, "percent_statements_covered_display": "100.00", "num_branches": 0, "num_partial_branches": 0, "covered_branches": 0, "missing_branches": 0, "percent_branches_covered": 100.0, "percent_branches_covered_display": "100.00"}, "missing_lines": [], "excluded_lines": [], "start_line": 141, "executed_branches": [], "missing_branches": []}, "github_launchpad_work_item": {"executed_lines": [164, 165, 166, 167, 168], "summary": {"covered_lines": 5, "num_statements": 7, "percent_covered": 71.42857142857143, "percent_covered_display": "71.43", "missing_lines": 2, "excluded_lines": 0, "percent_statements_covered": 71.42857142857143, "percent_statements_covered_display": "71.43", "num_branches": 0, "num_partial_branches": 0, "covered_branches": 0, "missing_branches": 0, "percent_branches_covered": 100.0, "percent_branches_covered_display": "100.00"}, "missing_lines": [169, 170], "excluded_lines": [], "start_line": 159, "executed_branches": [], "missing_branches": []}, "criar_branch_github_work_item": {"executed_lines": [180, 181, 182, 183, 191, 192, 195], "summary": {"covered_lines": 7, "num_statements": 9, "percent_covered": 77.77777777777777, "percent_covered_display": "77.78", "missing_lines": 2, "excluded_lines": 0, "percent_statements_covered": 77.77777777777777, "percent_statements_covered_display": "77.78", "num_branches": 0, "num_partial_branches": 0, "covered_branches": 0, "missing_branches": 0, "percent_branches_covered": 100.0, "percent_branches_covered_display": "100.00"}, "missing_lines": [193, 194], "excluded_lines": [], "start_line": 174, "executed_branches": [], "missing_branches": []}, "preview_roteamento_multi_ia": {"executed_lines": [200, 201], "summary": {"covered_lines": 2, "num_statements": 2, "percent_covered": 100.0, "percent_covered_display": "100.00", "missing_lines": 0, "excluded_lines": 0, "percent_statements_covered": 100.0, "percent_statements_covered_display": "100.00", "num_branches": 0, "num_partial_branches": 0, "covered_branches": 0, "missing_branches": 0, "percent_branches_covered": 100.0, "percent_branches_covered_display": "100.00"}, "missing_lines": [], "excluded_lines": [], "start_line": 199, "executed_branches": [], "missing_branches": []}, "aplicar_roteamento_multi_ia": {"executed_lines": [210, 211, 212, 213, 214, 215, 216, 217, 218, 220, 232, 233, 235, 244], "summary": {"covered_lines": 14, "num_statements": 14, "percent_covered": 93.75, "percent_covered_display": "93.75", "missing_lines": 0, "excluded_lines": 0, "percent_statements_covered": 100.0, "percent_statements_covered_display": "100.00", "num_branches": 2, "num_partial_branches": 1, "covered_branches": 1, "missing_branches": 1, "percent_branches_covered": 50.0, "percent_branches_covered_display": "50.00"}, "missing_lines": [], "excluded_lines": [], "start_line": 205, "executed_branches": [[214, 215]], "missing_branches": [[214, 216]]}, "transicionar_work_item": {"executed_lines": [254, 255, 256, 257, 258, 263, 264, 265, 266, 267, 276], "summary": {"covered_lines": 11, "num_statements": 11, "percent_covered": 100.0, "percent_covered_display": "100.00", "missing_lines": 0, "excluded_lines": 0, "percent_statements_covered": 100.0, "percent_statements_covered_display": "100.00", "num_branches": 2, "num_partial_branches": 0, "covered_branches": 2, "missing_branches": 0, "percent_branches_covered": 100.0, "percent_branches_covered_display": "100.00"}, "missing_lines": [], "excluded_lines": [], "start_line": 248, "executed_branches": [[257, 258], [257, 263]], "missing_branches": []}, "atualizar_rastreabilidade": {"executed_lines": [286, 287, 288, 289, 290, 291, 292, 301], "summary": {"covered_lines": 8, "num_statements": 8, "percent_covered": 100.0, "percent_covered_display": "100.00", "missing_lines": 0, "excluded_lines": 0, "percent_statements_covered": 100.0, "percent_statements_covered_display": "100.00", "num_branches": 2, "num_partial_branches": 0, "covered_branches": 2, "missing_branches": 0, "percent_branches_covered": 100.0, "percent_branches_covered_display": "100.00"}, "missing_lines": [], "excluded_lines": [], "start_line": 280, "executed_branches": [[287, 288], [287, 289]], "missing_branches": []}, "listar_evidencias": {"executed_lines": [306, 307, 308], "summary": {"covered_lines": 3, "num_statements": 3, "percent_covered": 100.0, "percent_covered_display": "100.00", "missing_lines": 0, "excluded_lines": 0, "percent_statements_covered": 100.0, "percent_statements_covered_display": "100.00", "num_branches": 0, "num_partial_branches": 0, "covered_branches": 0, "missing_branches": 0, "percent_branches_covered": 100.0, "percent_branches_covered_display": "100.00"}, "missing_lines": [], "excluded_lines": [], "start_line": 305, "executed_branches": [], "missing_branches": []}, "criar_evidencia": {"executed_lines": [318, 319, 324, 325, 326, 327, 336], "summary": {"covered_lines": 7, "num_statements": 7, "percent_covered": 100.0, "percent_covered_display": "100.00", "missing_lines": 0, "excluded_lines": 0, "percent_statements_covered": 100.0, "percent_statements_covered_display": "100.00", "num_branches": 0, "num_partial_branches": 0, "covered_branches": 0, "missing_branches": 0, "percent_branches_covered": 100.0, "percent_branches_covered_display": "100.00"}, "missing_lines": [], "excluded_lines": [], "start_line": 312, "executed_branches": [], "missing_branches": []}, "": {"executed_lines": [1, 3, 4, 6, 7, 8, 9, 24, 25, 26, 27, 32, 34, 54, 58, 65, 83, 84, 107, 108, 113, 114, 134, 135, 140, 141, 158, 159, 173, 174, 198, 199, 204, 205, 247, 248, 279, 280, 304, 305, 311, 312], "summary": {"covered_lines": 42, "num_statements": 42, "percent_covered": 100.0, "percent_covered_display": "100.00", "missing_lines": 0, "excluded_lines": 0, "percent_statements_covered": 100.0, "percent_statements_covered_display": "100.00", "num_branches": 0, "num_partial_branches": 0, "covered_branches": 0, "missing_branches": 0, "percent_branches_covered": 100.0, "percent_branches_covered_display": "100.00"}, "missing_lines": [], "excluded_lines": [], "start_line": 1, "executed_branches": [], "missing_branches": []}}, "classes": {"": {"executed_lines": [1, 3, 4, 6, 7, 8, 9, 24, 25, 26, 27, 32, 34, 54, 55, 58, 59, 60, 61, 62, 65, 66, 67, 83, 84, 85, 86, 87, 88, 89, 90, 91, 92, 94, 104, 107, 108, 109, 110, 113, 114, 115, 116, 118, 119, 120, 121, 122, 131, 134, 135, 136, 137, 140, 141, 142, 143, 144, 145, 146, 155, 158, 159, 164, 165, 166, 167, 168, 173, 174, 180, 181, 182, 183, 191, 192, 195, 198, 199, 200, 201, 204, 205, 210, 211, 212, 213, 214, 215, 216, 217, 218, 220, 232, 233, 235, 244, 247, 248, 254, 255, 256, 257, 258, 263, 264, 265, 266, 267, 276, 279, 280, 286, 287, 288, 289, 290, 291, 292, 301, 304, 305, 306, 307, 308, 311, 312, 318, 319, 324, 325, 326, 327, 336], "summary": {"covered_lines": 134, "num_statements": 138, "percent_covered": 96.62162162162163, "percent_covered_display": "96.62", "missing_lines": 4, "excluded_lines": 0, "percent_statements_covered": 97.10144927536231, "percent_statements_covered_display": "97.10", "num_branches": 10, "num_partial_branches": 1, "covered_branches": 9, "missing_branches": 1, "percent_branches_covered": 90.0, "percent_branches_covered_display": "90.00"}, "missing_lines": [169, 170, 193, 194], "excluded_lines": [], "start_line": 1, "executed_branches": [[60, 61], [60, 62], [115, 116], [115, 118], [214, 215], [257, 258], [257, 263], [287, 288], [287, 289]], "missing_branches": [[214, 216]]}}}, "app/api/async_workflows.py": {"executed_lines": [1, 3, 11, 14, 15, 20, 21, 22, 23, 32, 33, 34, 35, 36, 37, 40, 41, 42], "summary": {"covered_lines": 18, "num_statements": 18, "percent_covered": 100.0, "percent_covered_display": "100.00", "missing_lines": 0, "excluded_lines": 0, "percent_statements_covered": 100.0, "percent_statements_covered_display": "100.00", "num_branches": 2, "num_partial_branches": 0, "covered_branches": 2, "missing_branches": 0, "percent_branches_covered": 100.0, "percent_branches_covered_display": "100.00"}, "missing_lines": [], "excluded_lines": [], "executed_branches": [[35, 36], [35, 37]], "missing_branches": [], "functions": {"criar_job_assincrono": {"executed_lines": [20, 21, 22, 23], "summary": {"covered_lines": 4, "num_statements": 4, "percent_covered": 100.0, "percent_covered_display": "100.00", "missing_lines": 0, "excluded_lines": 0, "percent_statements_covered": 100.0, "percent_statements_covered_display": "100.00", "num_branches": 0, "num_partial_branches": 0, "covered_branches": 0, "missing_branches": 0, "percent_branches_covered": 100.0, "percent_branches_covered_display": "100.00"}, "missing_lines": [], "excluded_lines": [], "start_line": 15, "executed_branches": [], "missing_branches": []}, "consultar_job_assincrono": {"executed_lines": [34, 35, 36, 37], "summary": {"covered_lines": 4, "num_statements": 4, "percent_covered": 100.0, "percent_covered_display": "100.00", "missing_lines": 0, "excluded_lines": 0, "percent_statements_covered": 100.0, "percent_statements_covered_display": "100.00", "num_branches": 2, "num_partial_branches": 0, "covered_branches": 2, "missing_branches": 0, "percent_branches_covered": 100.0, "percent_branches_covered_display": "100.00"}, "missing_lines": [], "excluded_lines": [], "start_line": 33, "executed_branches": [[35, 36], [35, 37]], "missing_branches": []}, "async_workflow_health": {"executed_lines": [42], "summary": {"covered_lines": 1, "num_statements": 1, "percent_covered": 100.0, "percent_covered_display": "100.00", "missing_lines": 0, "excluded_lines": 0, "percent_statements_covered": 100.0, "percent_statements_covered_display": "100.00", "num_branches": 0, "num_partial_branches": 0, "covered_branches": 0, "missing_branches": 0, "percent_branches_covered": 100.0, "percent_branches_covered_display": "100.00"}, "missing_lines": [], "excluded_lines": [], "start_line": 41, "executed_branches": [], "missing_branches": []}, "": {"executed_lines": [1, 3, 11, 14, 15, 32, 33, 40, 41], "summary": {"covered_lines": 9, "num_statements": 9, "percent_covered": 100.0, "percent_covered_display": "100.00", "missing_lines": 0, "excluded_lines": 0, "percent_statements_covered": 100.0, "percent_statements_covered_display": "100.00", "num_branches": 0, "num_partial_branches": 0, "covered_branches": 0, "missing_branches": 0, "percent_branches_covered": 100.0, "percent_branches_covered_display": "100.00"}, "missing_lines": [], "excluded_lines": [], "start_line": 1, "executed_branches": [], "missing_branches": []}}, "classes": {"": {"executed_lines": [1, 3, 11, 14, 15, 20, 21, 22, 23, 32, 33, 34, 35, 36, 37, 40, 41, 42], "summary": {"covered_lines": 18, "num_statements": 18, "percent_covered": 100.0, "percent_covered_display": "100.00", "missing_lines": 0, "excluded_lines": 0, "percent_statements_covered": 100.0, "percent_statements_covered_display": "100.00", "num_branches": 2, "num_partial_branches": 0, "covered_branches": 2, "missing_branches": 0, "percent_branches_covered": 100.0, "percent_branches_covered_display": "100.00"}, "missing_lines": [], "excluded_lines": [], "start_line": 1, "executed_branches": [[35, 36], [35, 37]], "missing_branches": []}}}, "app/api/auditoria.py": {"executed_lines": [1, 2, 3, 5, 6, 7, 9, 11, 12, 27, 29, 30, 31, 32, 34, 35, 37, 51, 56, 57, 65, 70, 83], "summary": {"covered_lines": 23, "num_statements": 23, "percent_covered": 100.0, "percent_covered_display": "100.00", "missing_lines": 0, "excluded_lines": 0, "percent_statements_covered": 100.0, "percent_statements_covered_display": "100.00", "num_branches": 4, "num_partial_branches": 0, "covered_branches": 4, "missing_branches": 0, "percent_branches_covered": 100.0, "percent_branches_covered_display": "100.00"}, "missing_lines": [], "excluded_lines": [], "executed_branches": [[29, 30], [29, 31], [31, 32], [31, 34]], "missing_branches": [], "functions": {"listar_eventos": {"executed_lines": [27, 29, 30, 31, 32, 34, 35, 37, 51], "summary": {"covered_lines": 9, "num_statements": 9, "percent_covered": 100.0, "percent_covered_display": "100.00", "missing_lines": 0, "excluded_lines": 0, "percent_statements_covered": 100.0, "percent_statements_covered_display": "100.00", "num_branches": 4, "num_partial_branches": 0, "covered_branches": 4, "missing_branches": 0, "percent_branches_covered": 100.0, "percent_branches_covered_display": "100.00"}, "missing_lines": [], "excluded_lines": [], "start_line": 12, "executed_branches": [[29, 30], [29, 31], [31, 32], [31, 34]], "missing_branches": []}, "listar_eventos_config_infra": {"executed_lines": [65, 70, 83], "summary": {"covered_lines": 3, "num_statements": 3, "percent_covered": 100.0, "percent_covered_display": "100.00", "missing_lines": 0, "excluded_lines": 0, "percent_statements_covered": 100.0, "percent_statements_covered_display": "100.00", "num_branches": 0, "num_partial_branches": 0, "covered_branches": 0, "missing_branches": 0, "percent_branches_covered": 100.0, "percent_branches_covered_display": "100.00"}, "missing_lines": [], "excluded_lines": [], "start_line": 57, "executed_branches": [], "missing_branches": []}, "": {"executed_lines": [1, 2, 3, 5, 6, 7, 9, 11, 12, 56, 57], "summary": {"covered_lines": 11, "num_statements": 11, "percent_covered": 100.0, "percent_covered_display": "100.00", "missing_lines": 0, "excluded_lines": 0, "percent_statements_covered": 100.0, "percent_statements_covered_display": "100.00", "num_branches": 0, "num_partial_branches": 0, "covered_branches": 0, "missing_branches": 0, "percent_branches_covered": 100.0, "percent_branches_covered_display": "100.00"}, "missing_lines": [], "excluded_lines": [], "start_line": 1, "executed_branches": [], "missing_branches": []}}, "classes": {"": {"executed_lines": [1, 2, 3, 5, 6, 7, 9, 11, 12, 27, 29, 30, 31, 32, 34, 35, 37, 51, 56, 57, 65, 70, 83], "summary": {"covered_lines": 23, "num_statements": 23, "percent_covered": 100.0, "percent_covered_display": "100.00", "missing_lines": 0, "excluded_lines": 0, "percent_statements_covered": 100.0, "percent_statements_covered_display": "100.00", "num_branches": 4, "num_partial_branches": 0, "covered_branches": 4, "missing_branches": 0, "percent_branches_covered": 100.0, "percent_branches_covered_display": "100.00"}, "missing_lines": [], "excluded_lines": [], "start_line": 1, "executed_branches": [[29, 30], [29, 31], [31, 32], [31, 34]], "missing_branches": []}}}, "app/api/auth.py": {"executed_lines": [1, 3, 4, 5, 6, 8, 9, 10, 11, 12, 13, 14, 15, 16, 18, 20, 23, 25, 31, 32, 35, 36, 37, 38, 39, 40, 45, 46, 49, 50, 52, 53, 55, 56, 61, 62, 63, 64, 66, 67, 68, 69, 70, 75, 76, 77, 78, 81, 84, 85, 87, 88, 90, 91, 92, 100, 101, 102, 104, 105, 106, 108, 110, 111, 112, 113, 115, 116, 120, 121, 122, 123, 125, 127, 128, 129, 130, 135, 136, 138, 139, 140, 141, 156, 157, 158, 161, 162, 164, 165, 166, 168, 169, 170, 171, 172, 173, 174], "summary": {"covered_lines": 98, "num_statements": 103, "percent_covered": 95.65217391304348, "percent_covered_display": "95.65", "missing_lines": 5, "excluded_lines": 0, "percent_statements_covered": 95.14563106796116, "percent_statements_covered_display": "95.15", "num_branches": 12, "num_partial_branches": 0, "covered_branches": 12, "missing_branches": 0, "percent_branches_covered": 100.0, "percent_branches_covered_display": "100.00"}, "missing_lines": [57, 58, 59, 117, 118], "excluded_lines": [], "executed_branches": [[37, 38], [37, 39], [52, 53], [52, 55], [87, 88], [87, 90], [104, 105], [104, 110], [112, 113], [112, 115], [164, 165], [164, 168]], "missing_branches": [], "functions": {"_papel_from_email": {"executed_lines": [32], "summary": {"covered_lines": 1, "num_statements": 1, "percent_covered": 100.0, "percent_covered_display": "100.00", "missing_lines": 0, "excluded_lines": 0, "percent_statements_covered": 100.0, "percent_statements_covered_display": "100.00", "num_branches": 0, "num_partial_branches": 0, "covered_branches": 0, "missing_branches": 0, "percent_branches_covered": 100.0, "percent_branches_covered_display": "100.00"}, "missing_lines": [], "excluded_lines": [], "start_line": 31, "executed_branches": [], "missing_branches": []}, "_nome_from_email": {"executed_lines": [36, 37, 38, 39, 40], "summary": {"covered_lines": 5, "num_statements": 5, "percent_covered": 100.0, "percent_covered_display": "100.00", "missing_lines": 0, "excluded_lines": 0, "percent_statements_covered": 100.0, "percent_statements_covered_display": "100.00", "num_branches": 2, "num_partial_branches": 0, "covered_branches": 2, "missing_branches": 0, "percent_branches_covered": 100.0, "percent_branches_covered_display": "100.00"}, "missing_lines": [], "excluded_lines": [], "start_line": 35, "executed_branches": [[37, 38], [37, 39]], "missing_branches": []}, "login_azure": {"executed_lines": [52, 53, 55, 56, 61, 62, 63, 64, 66, 67, 68, 69, 70], "summary": {"covered_lines": 13, "num_statements": 16, "percent_covered": 83.33333333333333, "percent_covered_display": "83.33", "missing_lines": 3, "excluded_lines": 0, "percent_statements_covered": 81.25, "percent_statements_covered_display": "81.25", "num_branches": 2, "num_partial_branches": 0, "covered_branches": 2, "missing_branches": 0, "percent_branches_covered": 100.0, "percent_branches_covered_display": "100.00"}, "missing_lines": [57, 58, 59], "excluded_lines": [], "start_line": 50, "executed_branches": [[52, 53], [52, 55]], "missing_branches": []}, "login_azure_code": {"executed_lines": [87, 88, 90, 91, 92, 100, 101, 102, 104, 105, 106, 108, 110, 111, 112, 113, 115, 116, 120, 121, 122, 123, 125, 127, 128, 129, 130], "summary": {"covered_lines": 27, "num_statements": 29, "percent_covered": 94.28571428571429, "percent_covered_display": "94.29", "missing_lines": 2, "excluded_lines": 0, "percent_statements_covered": 93.10344827586206, "percent_statements_covered_display": "93.10", "num_branches": 6, "num_partial_branches": 0, "covered_branches": 6, "missing_branches": 0, "percent_branches_covered": 100.0, "percent_branches_covered_display": "100.00"}, "missing_lines": [117, 118], "excluded_lines": [], "start_line": 85, "executed_branches": [[87, 88], [87, 90], [104, 105], [104, 110], [112, 113], [112, 115]], "missing_branches": []}, "auth_config": {"executed_lines": [138, 139, 140, 141], "summary": {"covered_lines": 4, "num_statements": 4, "percent_covered": 100.0, "percent_covered_display": "100.00", "missing_lines": 0, "excluded_lines": 0, "percent_statements_covered": 100.0, "percent_statements_covered_display": "100.00", "num_branches": 0, "num_partial_branches": 0, "covered_branches": 0, "missing_branches": 0, "percent_branches_covered": 100.0, "percent_branches_covered_display": "100.00"}, "missing_lines": [], "excluded_lines": [], "start_line": 136, "executed_branches": [], "missing_branches": []}, "login": {"executed_lines": [164, 165, 166, 168, 169, 170, 171, 172, 173, 174], "summary": {"covered_lines": 10, "num_statements": 10, "percent_covered": 100.0, "percent_covered_display": "100.00", "missing_lines": 0, "excluded_lines": 0, "percent_statements_covered": 100.0, "percent_statements_covered_display": "100.00", "num_branches": 2, "num_partial_branches": 0, "covered_branches": 2, "missing_branches": 0, "percent_branches_covered": 100.0, "percent_branches_covered_display": "100.00"}, "missing_lines": [], "excluded_lines": [], "start_line": 162, "executed_branches": [[164, 165], [164, 168]], "missing_branches": []}, "": {"executed_lines": [1, 3, 4, 5, 6, 8, 9, 10, 11, 12, 13, 14, 15, 16, 18, 20, 23, 25, 31, 35, 45, 46, 49, 50, 75, 76, 77, 78, 81, 84, 85, 135, 136, 156, 157, 158, 161, 162], "summary": {"covered_lines": 38, "num_statements": 38, "percent_covered": 100.0, "percent_covered_display": "100.00", "missing_lines": 0, "excluded_lines": 0, "percent_statements_covered": 100.0, "percent_statements_covered_display": "100.00", "num_branches": 0, "num_partial_branches": 0, "covered_branches": 0, "missing_branches": 0, "percent_branches_covered": 100.0, "percent_branches_covered_display": "100.00"}, "missing_lines": [], "excluded_lines": [], "start_line": 1, "executed_branches": [], "missing_branches": []}}, "classes": {"AzureLoginInput": {"executed_lines": [], "summary": {"covered_lines": 0, "num_statements": 0, "percent_covered": 100.0, "percent_covered_display": "100.00", "missing_lines": 0, "excluded_lines": 0, "percent_statements_covered": 100.0, "percent_statements_covered_display": "100.00", "num_branches": 0, "num_partial_branches": 0, "covered_branches": 0, "missing_branches": 0, "percent_branches_covered": 100.0, "percent_branches_covered_display": "100.00"}, "missing_lines": [], "excluded_lines": [], "start_line": 45, "executed_branches": [], "missing_branches": []}, "AzureCodeInput": {"executed_lines": [], "summary": {"covered_lines": 0, "num_statements": 0, "percent_covered": 100.0, "percent_covered_display": "100.00", "missing_lines": 0, "excluded_lines": 0, "percent_statements_covered": 100.0, "percent_statements_covered_display": "100.00", "num_branches": 0, "num_partial_branches": 0, "covered_branches": 0, "missing_branches": 0, "percent_branches_covered": 100.0, "percent_branches_covered_display": "100.00"}, "missing_lines": [], "excluded_lines": [], "start_line": 75, "executed_branches": [], "missing_branches": []}, "LoginInput": {"executed_lines": [], "summary": {"covered_lines": 0, "num_statements": 0, "percent_covered": 100.0, "percent_covered_display": "100.00", "missing_lines": 0, "excluded_lines": 0, "percent_statements_covered": 100.0, "percent_statements_covered_display": "100.00", "num_branches": 0, "num_partial_branches": 0, "covered_branches": 0, "missing_branches": 0, "percent_branches_covered": 100.0, "percent_branches_covered_display": "100.00"}, "missing_lines": [], "excluded_lines": [], "start_line": 156, "executed_branches": [], "missing_branches": []}, "": {"executed_lines": [1, 3, 4, 5, 6, 8, 9, 10, 11, 12, 13, 14, 15, 16, 18, 20, 23, 25, 31, 32, 35, 36, 37, 38, 39, 40, 45, 46, 49, 50, 52, 53, 55, 56, 61, 62, 63, 64, 66, 67, 68, 69, 70, 75, 76, 77, 78, 81, 84, 85, 87, 88, 90, 91, 92, 100, 101, 102, 104, 105, 106, 108, 110, 111, 112, 113, 115, 116, 120, 121, 122, 123, 125, 127, 128, 129, 130, 135, 136, 138, 139, 140, 141, 156, 157, 158, 161, 162, 164, 165, 166, 168, 169, 170, 171, 172, 173, 174], "summary": {"covered_lines": 98, "num_statements": 103, "percent_covered": 95.65217391304348, "percent_covered_display": "95.65", "missing_lines": 5, "excluded_lines": 0, "percent_statements_covered": 95.14563106796116, "percent_statements_covered_display": "95.15", "num_branches": 12, "num_partial_branches": 0, "covered_branches": 12, "missing_branches": 0, "percent_branches_covered": 100.0, "percent_branches_covered_display": "100.00"}, "missing_lines": [57, 58, 59, 117, 118], "excluded_lines": [], "start_line": 1, "executed_branches": [[37, 38], [37, 39], [52, 53], [52, 55], [87, 88], [87, 90], [104, 105], [104, 110], [112, 113], [112, 115], [164, 165], [164, 168]], "missing_branches": []}}}, "app/api/codex_governado.py": {"executed_lines": [1, 3, 4, 5, 7, 8, 9, 10, 12, 15, 16, 17, 18, 19, 20, 23, 24, 30, 39, 40, 45, 46, 47, 50, 51, 52, 63, 64, 65, 66], "summary": {"covered_lines": 30, "num_statements": 30, "percent_covered": 100.0, "percent_covered_display": "100.00", "missing_lines": 0, "excluded_lines": 0, "percent_statements_covered": 100.0, "percent_statements_covered_display": "100.00", "num_branches": 4, "num_partial_branches": 0, "covered_branches": 4, "missing_branches": 0, "percent_branches_covered": 100.0, "percent_branches_covered_display": "100.00"}, "missing_lines": [], "excluded_lines": [], "executed_branches": [[39, 40], [39, 45], [45, 46], [45, 47]], "missing_branches": [], "functions": {"analyze": {"executed_lines": [30, 39, 40, 45, 46, 47], "summary": {"covered_lines": 6, "num_statements": 6, "percent_covered": 100.0, "percent_covered_display": "100.00", "missing_lines": 0, "excluded_lines": 0, "percent_statements_covered": 100.0, "percent_statements_covered_display": "100.00", "num_branches": 4, "num_partial_branches": 0, "covered_branches": 4, "missing_branches": 0, "percent_branches_covered": 100.0, "percent_branches_covered_display": "100.00"}, "missing_lines": [], "excluded_lines": [], "start_line": 24, "executed_branches": [[39, 40], [39, 45], [45, 46], [45, 47]], "missing_branches": []}, "status_codex": {"executed_lines": [52], "summary": {"covered_lines": 1, "num_statements": 1, "percent_covered": 100.0, "percent_covered_display": "100.00", "missing_lines": 0, "excluded_lines": 0, "percent_statements_covered": 100.0, "percent_statements_covered_display": "100.00", "num_branches": 0, "num_partial_branches": 0, "covered_branches": 0, "missing_branches": 0, "percent_branches_covered": 100.0, "percent_branches_covered_display": "100.00"}, "missing_lines": [], "excluded_lines": [], "start_line": 51, "executed_branches": [], "missing_branches": []}, "operational_summary": {"executed_lines": [65, 66], "summary": {"covered_lines": 2, "num_statements": 2, "percent_covered": 100.0, "percent_covered_display": "100.00", "missing_lines": 0, "excluded_lines": 0, "percent_statements_covered": 100.0, "percent_statements_covered_display": "100.00", "num_branches": 0, "num_partial_branches": 0, "covered_branches": 0, "missing_branches": 0, "percent_branches_covered": 100.0, "percent_branches_covered_display": "100.00"}, "missing_lines": [], "excluded_lines": [], "start_line": 64, "executed_branches": [], "missing_branches": []}, "": {"executed_lines": [1, 3, 4, 5, 7, 8, 9, 10, 12, 15, 16, 17, 18, 19, 20, 23, 24, 50, 51, 63, 64], "summary": {"covered_lines": 21, "num_statements": 21, "percent_covered": 100.0, "percent_covered_display": "100.00", "missing_lines": 0, "excluded_lines": 0, "percent_statements_covered": 100.0, "percent_statements_covered_display": "100.00", "num_branches": 0, "num_partial_branches": 0, "covered_branches": 0, "missing_branches": 0, "percent_branches_covered": 100.0, "percent_branches_covered_display": "100.00"}, "missing_lines": [], "excluded_lines": [], "start_line": 1, "executed_branches": [], "missing_branches": []}}, "classes": {"CodexAnalyzeRequest": {"executed_lines": [], "summary": {"covered_lines": 0, "num_statements": 0, "percent_covered": 100.0, "percent_covered_display": "100.00", "missing_lines": 0, "excluded_lines": 0, "percent_statements_covered": 100.0, "percent_statements_covered_display": "100.00", "num_branches": 0, "num_partial_branches": 0, "covered_branches": 0, "missing_branches": 0, "percent_branches_covered": 100.0, "percent_branches_covered_display": "100.00"}, "missing_lines": [], "excluded_lines": [], "start_line": 15, "executed_branches": [], "missing_branches": []}, "": {"executed_lines": [1, 3, 4, 5, 7, 8, 9, 10, 12, 15, 16, 17, 18, 19, 20, 23, 24, 30, 39, 40, 45, 46, 47, 50, 51, 52, 63, 64, 65, 66], "summary": {"covered_lines": 30, "num_statements": 30, "percent_covered": 100.0, "percent_covered_display": "100.00", "missing_lines": 0, "excluded_lines": 0, "percent_statements_covered": 100.0, "percent_statements_covered_display": "100.00", "num_branches": 4, "num_partial_branches": 0, "covered_branches": 4, "missing_branches": 0, "percent_branches_covered": 100.0, "percent_branches_covered_display": "100.00"}, "missing_lines": [], "excluded_lines": [], "start_line": 1, "executed_branches": [[39, 40], [39, 45], [45, 46], [45, 47]], "missing_branches": []}}}, "app/api/cofre.py": {"executed_lines": [1, 2, 4, 5, 6, 14, 16, 18, 21, 23, 24, 25, 26, 29, 30, 31, 33, 34, 35, 36, 37, 38, 39, 40, 42, 43, 44, 45, 46, 47, 50, 51, 58, 59, 61, 62, 63, 68, 71, 72, 74, 81, 82, 84, 85, 86, 87, 88, 91, 92, 94, 95, 96, 97, 104, 105, 111, 112, 113, 114, 115, 116, 119, 120, 125, 126, 127, 128, 129, 130], "summary": {"covered_lines": 70, "num_statements": 70, "percent_covered": 100.0, "percent_covered_display": "100.00", "missing_lines": 0, "excluded_lines": 0, "percent_statements_covered": 100.0, "percent_statements_covered_display": "100.00", "num_branches": 22, "num_partial_branches": 0, "covered_branches": 22, "missing_branches": 0, "percent_branches_covered": 100.0, "percent_branches_covered_display": "100.00"}, "missing_lines": [], "excluded_lines": [], "executed_branches": [[23, 24], [23, 25], [25, -21], [25, 26], [36, 37], [36, 38], [38, 39], [38, 40], [45, 46], [45, 47], [62, 63], [62, 68], [94, 95], [94, 96], [111, 112], [111, 113], [114, 115], [114, 116], [125, 126], [125, 127], [128, 129], [128, 130]], "missing_branches": [], "functions": {"_check_vault_token": {"executed_lines": [23, 24, 25, 26], "summary": {"covered_lines": 4, "num_statements": 4, "percent_covered": 100.0, "percent_covered_display": "100.00", "missing_lines": 0, "excluded_lines": 0, "percent_statements_covered": 100.0, "percent_statements_covered_display": "100.00", "num_branches": 4, "num_partial_branches": 0, "covered_branches": 4, "missing_branches": 0, "percent_branches_covered": 100.0, "percent_branches_covered_display": "100.00"}, "missing_lines": [], "excluded_lines": [], "start_line": 21, "executed_branches": [[23, 24], [23, 25], [25, -21], [25, 26]], "missing_branches": []}, "GravarSegredoPayload.key_nao_reservada": {"executed_lines": [36, 37, 38, 39, 40], "summary": {"covered_lines": 5, "num_statements": 5, "percent_covered": 100.0, "percent_covered_display": "100.00", "missing_lines": 0, "excluded_lines": 0, "percent_statements_covered": 100.0, "percent_statements_covered_display": "100.00", "num_branches": 4, "num_partial_branches": 0, "covered_branches": 4, "missing_branches": 0, "percent_branches_covered": 100.0, "percent_branches_covered_display": "100.00"}, "missing_lines": [], "excluded_lines": [], "start_line": 35, "executed_branches": [[36, 37], [36, 38], [38, 39], [38, 40]], "missing_branches": []}, "GravarSegredoPayload.value_nao_vazio": {"executed_lines": [45, 46, 47], "summary": {"covered_lines": 3, "num_statements": 3, "percent_covered": 100.0, "percent_covered_display": "100.00", "missing_lines": 0, "excluded_lines": 0, "percent_statements_covered": 100.0, "percent_statements_covered_display": "100.00", "num_branches": 2, "num_partial_branches": 0, "covered_branches": 2, "missing_branches": 0, "percent_branches_covered": 100.0, "percent_branches_covered_display": "100.00"}, "missing_lines": [], "excluded_lines": [], "start_line": 44, "executed_branches": [[45, 46], [45, 47]], "missing_branches": []}, "inicializar_vault": {"executed_lines": [61, 62, 63, 68], "summary": {"covered_lines": 4, "num_statements": 4, "percent_covered": 100.0, "percent_covered_display": "100.00", "missing_lines": 0, "excluded_lines": 0, "percent_statements_covered": 100.0, "percent_statements_covered_display": "100.00", "num_branches": 2, "num_partial_branches": 0, "covered_branches": 2, "missing_branches": 0, "percent_branches_covered": 100.0, "percent_branches_covered_display": "100.00"}, "missing_lines": [], "excluded_lines": [], "start_line": 59, "executed_branches": [[62, 63], [62, 68]], "missing_branches": []}, "status_vault": {"executed_lines": [74], "summary": {"covered_lines": 1, "num_statements": 1, "percent_covered": 100.0, "percent_covered_display": "100.00", "missing_lines": 0, "excluded_lines": 0, "percent_statements_covered": 100.0, "percent_statements_covered_display": "100.00", "num_branches": 0, "num_partial_branches": 0, "covered_branches": 0, "missing_branches": 0, "percent_branches_covered": 100.0, "percent_branches_covered_display": "100.00"}, "missing_lines": [], "excluded_lines": [], "start_line": 72, "executed_branches": [], "missing_branches": []}, "gravar_segredo": {"executed_lines": [84, 85, 86, 87, 88], "summary": {"covered_lines": 5, "num_statements": 5, "percent_covered": 100.0, "percent_covered_display": "100.00", "missing_lines": 0, "excluded_lines": 0, "percent_statements_covered": 100.0, "percent_statements_covered_display": "100.00", "num_branches": 0, "num_partial_branches": 0, "covered_branches": 0, "missing_branches": 0, "percent_branches_covered": 100.0, "percent_branches_covered_display": "100.00"}, "missing_lines": [], "excluded_lines": [], "start_line": 82, "executed_branches": [], "missing_branches": []}, "remover_segredo": {"executed_lines": [94, 95, 96, 97], "summary": {"covered_lines": 4, "num_statements": 4, "percent_covered": 100.0, "percent_covered_display": "100.00", "missing_lines": 0, "excluded_lines": 0, "percent_statements_covered": 100.0, "percent_statements_covered_display": "100.00", "num_branches": 2, "num_partial_branches": 0, "covered_branches": 2, "missing_branches": 0, "percent_branches_covered": 100.0, "percent_branches_covered_display": "100.00"}, "missing_lines": [], "excluded_lines": [], "start_line": 92, "executed_branches": [[94, 95], [94, 96]], "missing_branches": []}, "obter_segredo": {"executed_lines": [111, 112, 113, 114, 115, 116], "summary": {"covered_lines": 6, "num_statements": 6, "percent_covered": 100.0, "percent_covered_display": "100.00", "missing_lines": 0, "excluded_lines": 0, "percent_statements_covered": 100.0, "percent_statements_covered_display": "100.00", "num_branches": 4, "num_partial_branches": 0, "covered_branches": 4, "missing_branches": 0, "percent_branches_covered": 100.0, "percent_branches_covered_display": "100.00"}, "missing_lines": [], "excluded_lines": [], "start_line": 105, "executed_branches": [[111, 112], [111, 113], [114, 115], [114, 116]], "missing_branches": []}, "resolver_segredo": {"executed_lines": [125, 126, 127, 128, 129, 130], "summary": {"covered_lines": 6, "num_statements": 6, "percent_covered": 100.0, "percent_covered_display": "100.00", "missing_lines": 0, "excluded_lines": 0, "percent_statements_covered": 100.0, "percent_statements_covered_display": "100.00", "num_branches": 4, "num_partial_branches": 0, "covered_branches": 4, "missing_branches": 0, "percent_branches_covered": 100.0, "percent_branches_covered_display": "100.00"}, "missing_lines": [], "excluded_lines": [], "start_line": 120, "executed_branches": [[125, 126], [125, 127], [128, 129], [128, 130]], "missing_branches": []}, "": {"executed_lines": [1, 2, 4, 5, 6, 14, 16, 18, 21, 29, 30, 31, 33, 34, 35, 42, 43, 44, 50, 51, 58, 59, 71, 72, 81, 82, 91, 92, 104, 105, 119, 120], "summary": {"covered_lines": 32, "num_statements": 32, "percent_covered": 100.0, "percent_covered_display": "100.00", "missing_lines": 0, "excluded_lines": 0, "percent_statements_covered": 100.0, "percent_statements_covered_display": "100.00", "num_branches": 0, "num_partial_branches": 0, "covered_branches": 0, "missing_branches": 0, "percent_branches_covered": 100.0, "percent_branches_covered_display": "100.00"}, "missing_lines": [], "excluded_lines": [], "start_line": 1, "executed_branches": [], "missing_branches": []}}, "classes": {"GravarSegredoPayload": {"executed_lines": [36, 37, 38, 39, 40, 45, 46, 47], "summary": {"covered_lines": 8, "num_statements": 8, "percent_covered": 100.0, "percent_covered_display": "100.00", "missing_lines": 0, "excluded_lines": 0, "percent_statements_covered": 100.0, "percent_statements_covered_display": "100.00", "num_branches": 6, "num_partial_branches": 0, "covered_branches": 6, "missing_branches": 0, "percent_branches_covered": 100.0, "percent_branches_covered_display": "100.00"}, "missing_lines": [], "excluded_lines": [], "start_line": 29, "executed_branches": [[36, 37], [36, 38], [38, 39], [38, 40], [45, 46], [45, 47]], "missing_branches": []}, "ResolverSegredoPayload": {"executed_lines": [], "summary": {"covered_lines": 0, "num_statements": 0, "percent_covered": 100.0, "percent_covered_display": "100.00", "missing_lines": 0, "excluded_lines": 0, "percent_statements_covered": 100.0, "percent_statements_covered_display": "100.00", "num_branches": 0, "num_partial_branches": 0, "covered_branches": 0, "missing_branches": 0, "percent_branches_covered": 100.0, "percent_branches_covered_display": "100.00"}, "missing_lines": [], "excluded_lines": [], "start_line": 50, "executed_branches": [], "missing_branches": []}, "": {"executed_lines": [1, 2, 4, 5, 6, 14, 16, 18, 21, 23, 24, 25, 26, 29, 30, 31, 33, 34, 35, 42, 43, 44, 50, 51, 58, 59, 61, 62, 63, 68, 71, 72, 74, 81, 82, 84, 85, 86, 87, 88, 91, 92, 94, 95, 96, 97, 104, 105, 111, 112, 113, 114, 115, 116, 119, 120, 125, 126, 127, 128, 129, 130], "summary": {"covered_lines": 62, "num_statements": 62, "percent_covered": 100.0, "percent_covered_display": "100.00", "missing_lines": 0, "excluded_lines": 0, "percent_statements_covered": 100.0, "percent_statements_covered_display": "100.00", "num_branches": 16, "num_partial_branches": 0, "covered_branches": 16, "missing_branches": 0, "percent_branches_covered": 100.0, "percent_branches_covered_display": "100.00"}, "missing_lines": [], "excluded_lines": [], "start_line": 1, "executed_branches": [[23, 24], [23, 25], [25, -21], [25, 26], [62, 63], [62, 68], [94, 95], [94, 96], [111, 112], [111, 113], [114, 115], [114, 116], [125, 126], [125, 127], [128, 129], [128, 130]], "missing_branches": []}}}, "app/api/connectors.py": {"executed_lines": [1, 3, 4, 5, 7, 10, 11, 14, 15, 19, 20, 21], "summary": {"covered_lines": 12, "num_statements": 12, "percent_covered": 100.0, "percent_covered_display": "100.00", "missing_lines": 0, "excluded_lines": 0, "percent_statements_covered": 100.0, "percent_statements_covered_display": "100.00", "num_branches": 0, "num_partial_branches": 0, "covered_branches": 0, "missing_branches": 0, "percent_branches_covered": 100.0, "percent_branches_covered_display": "100.00"}, "missing_lines": [], "excluded_lines": [], "executed_branches": [], "missing_branches": [], "functions": {"_correlation_id": {"executed_lines": [11], "summary": {"covered_lines": 1, "num_statements": 1, "percent_covered": 100.0, "percent_covered_display": "100.00", "missing_lines": 0, "excluded_lines": 0, "percent_statements_covered": 100.0, "percent_statements_covered_display": "100.00", "num_branches": 0, "num_partial_branches": 0, "covered_branches": 0, "missing_branches": 0, "percent_branches_covered": 100.0, "percent_branches_covered_display": "100.00"}, "missing_lines": [], "excluded_lines": [], "start_line": 10, "executed_branches": [], "missing_branches": []}, "obter_connectors_health": {"executed_lines": [19, 20, 21], "summary": {"covered_lines": 3, "num_statements": 3, "percent_covered": 100.0, "percent_covered_display": "100.00", "missing_lines": 0, "excluded_lines": 0, "percent_statements_covered": 100.0, "percent_statements_covered_display": "100.00", "num_branches": 0, "num_partial_branches": 0, "covered_branches": 0, "missing_branches": 0, "percent_branches_covered": 100.0, "percent_branches_covered_display": "100.00"}, "missing_lines": [], "excluded_lines": [], "start_line": 15, "executed_branches": [], "missing_branches": []}, "": {"executed_lines": [1, 3, 4, 5, 7, 10, 14, 15], "summary": {"covered_lines": 8, "num_statements": 8, "percent_covered": 100.0, "percent_covered_display": "100.00", "missing_lines": 0, "excluded_lines": 0, "percent_statements_covered": 100.0, "percent_statements_covered_display": "100.00", "num_branches": 0, "num_partial_branches": 0, "covered_branches": 0, "missing_branches": 0, "percent_branches_covered": 100.0, "percent_branches_covered_display": "100.00"}, "missing_lines": [], "excluded_lines": [], "start_line": 1, "executed_branches": [], "missing_branches": []}}, "classes": {"": {"executed_lines": [1, 3, 4, 5, 7, 10, 11, 14, 15, 19, 20, 21], "summary": {"covered_lines": 12, "num_statements": 12, "percent_covered": 100.0, "percent_covered_display": "100.00", "missing_lines": 0, "excluded_lines": 0, "percent_statements_covered": 100.0, "percent_statements_covered_display": "100.00", "num_branches": 0, "num_partial_branches": 0, "covered_branches": 0, "missing_branches": 0, "percent_branches_covered": 100.0, "percent_branches_covered_display": "100.00"}, "missing_lines": [], "excluded_lines": [], "start_line": 1, "executed_branches": [], "missing_branches": []}}}, "app/api/dashboard.py": {"executed_lines": [1, 3, 4, 6, 7, 8, 9, 10, 11, 13, 15, 25, 26, 27, 28, 42, 43, 47, 49, 51, 87, 88, 89], "summary": {"covered_lines": 23, "num_statements": 23, "percent_covered": 100.0, "percent_covered_display": "100.00", "missing_lines": 0, "excluded_lines": 0, "percent_statements_covered": 100.0, "percent_statements_covered_display": "100.00", "num_branches": 0, "num_partial_branches": 0, "covered_branches": 0, "missing_branches": 0, "percent_branches_covered": 100.0, "percent_branches_covered_display": "100.00"}, "missing_lines": [], "excluded_lines": [], "executed_branches": [], "missing_branches": [], "functions": {"metricas": {"executed_lines": [27, 28], "summary": {"covered_lines": 2, "num_statements": 2, "percent_covered": 100.0, "percent_covered_display": "100.00", "missing_lines": 0, "excluded_lines": 0, "percent_statements_covered": 100.0, "percent_statements_covered_display": "100.00", "num_branches": 0, "num_partial_branches": 0, "covered_branches": 0, "missing_branches": 0, "percent_branches_covered": 100.0, "percent_branches_covered_display": "100.00"}, "missing_lines": [], "excluded_lines": [], "start_line": 26, "executed_branches": [], "missing_branches": []}, "dashboard_info": {"executed_lines": [47, 49, 51], "summary": {"covered_lines": 3, "num_statements": 3, "percent_covered": 100.0, "percent_covered_display": "100.00", "missing_lines": 0, "excluded_lines": 0, "percent_statements_covered": 100.0, "percent_statements_covered_display": "100.00", "num_branches": 0, "num_partial_branches": 0, "covered_branches": 0, "missing_branches": 0, "percent_branches_covered": 100.0, "percent_branches_covered_display": "100.00"}, "missing_lines": [], "excluded_lines": [], "start_line": 43, "executed_branches": [], "missing_branches": []}, "dashboard_ia": {"executed_lines": [89], "summary": {"covered_lines": 1, "num_statements": 1, "percent_covered": 100.0, "percent_covered_display": "100.00", "missing_lines": 0, "excluded_lines": 0, "percent_statements_covered": 100.0, "percent_statements_covered_display": "100.00", "num_branches": 0, "num_partial_branches": 0, "covered_branches": 0, "missing_branches": 0, "percent_branches_covered": 100.0, "percent_branches_covered_display": "100.00"}, "missing_lines": [], "excluded_lines": [], "start_line": 88, "executed_branches": [], "missing_branches": []}, "": {"executed_lines": [1, 3, 4, 6, 7, 8, 9, 10, 11, 13, 15, 25, 26, 42, 43, 87, 88], "summary": {"covered_lines": 17, "num_statements": 17, "percent_covered": 100.0, "percent_covered_display": "100.00", "missing_lines": 0, "excluded_lines": 0, "percent_statements_covered": 100.0, "percent_statements_covered_display": "100.00", "num_branches": 0, "num_partial_branches": 0, "covered_branches": 0, "missing_branches": 0, "percent_branches_covered": 100.0, "percent_branches_covered_display": "100.00"}, "missing_lines": [], "excluded_lines": [], "start_line": 1, "executed_branches": [], "missing_branches": []}}, "classes": {"": {"executed_lines": [1, 3, 4, 6, 7, 8, 9, 10, 11, 13, 15, 25, 26, 27, 28, 42, 43, 47, 49, 51, 87, 88, 89], "summary": {"covered_lines": 23, "num_statements": 23, "percent_covered": 100.0, "percent_covered_display": "100.00", "missing_lines": 0, "excluded_lines": 0, "percent_statements_covered": 100.0, "percent_statements_covered_display": "100.00", "num_branches": 0, "num_partial_branches": 0, "covered_branches": 0, "missing_branches": 0, "percent_branches_covered": 100.0, "percent_branches_covered_display": "100.00"}, "missing_lines": [], "excluded_lines": [], "start_line": 1, "executed_branches": [], "missing_branches": []}}}, "app/api/estatisticas.py": {"executed_lines": [1, 3, 5, 6, 8, 9, 10, 15, 18, 19, 23, 24, 25, 28, 29, 32, 33, 34], "summary": {"covered_lines": 18, "num_statements": 18, "percent_covered": 100.0, "percent_covered_display": "100.00", "missing_lines": 0, "excluded_lines": 0, "percent_statements_covered": 100.0, "percent_statements_covered_display": "100.00", "num_branches": 0, "num_partial_branches": 0, "covered_branches": 0, "missing_branches": 0, "percent_branches_covered": 100.0, "percent_branches_covered_display": "100.00"}, "missing_lines": [], "excluded_lines": [], "executed_branches": [], "missing_branches": [], "functions": {"obter_estatisticas": {"executed_lines": [23, 24, 25], "summary": {"covered_lines": 3, "num_statements": 3, "percent_covered": 100.0, "percent_covered_display": "100.00", "missing_lines": 0, "excluded_lines": 0, "percent_statements_covered": 100.0, "percent_statements_covered_display": "100.00", "num_branches": 0, "num_partial_branches": 0, "covered_branches": 0, "missing_branches": 0, "percent_branches_covered": 100.0, "percent_branches_covered_display": "100.00"}, "missing_lines": [], "excluded_lines": [], "start_line": 19, "executed_branches": [], "missing_branches": []}, "obter_historico_estatisticas": {"executed_lines": [32, 33, 34], "summary": {"covered_lines": 3, "num_statements": 3, "percent_covered": 100.0, "percent_covered_display": "100.00", "missing_lines": 0, "excluded_lines": 0, "percent_statements_covered": 100.0, "percent_statements_covered_display": "100.00", "num_branches": 0, "num_partial_branches": 0, "covered_branches": 0, "missing_branches": 0, "percent_branches_covered": 100.0, "percent_branches_covered_display": "100.00"}, "missing_lines": [], "excluded_lines": [], "start_line": 29, "executed_branches": [], "missing_branches": []}, "": {"executed_lines": [1, 3, 5, 6, 8, 9, 10, 15, 18, 19, 28, 29], "summary": {"covered_lines": 12, "num_statements": 12, "percent_covered": 100.0, "percent_covered_display": "100.00", "missing_lines": 0, "excluded_lines": 0, "percent_statements_covered": 100.0, "percent_statements_covered_display": "100.00", "num_branches": 0, "num_partial_branches": 0, "covered_branches": 0, "missing_branches": 0, "percent_branches_covered": 100.0, "percent_branches_covered_display": "100.00"}, "missing_lines": [], "excluded_lines": [], "start_line": 1, "executed_branches": [], "missing_branches": []}}, "classes": {"": {"executed_lines": [1, 3, 5, 6, 8, 9, 10, 15, 18, 19, 23, 24, 25, 28, 29, 32, 33, 34], "summary": {"covered_lines": 18, "num_statements": 18, "percent_covered": 100.0, "percent_covered_display": "100.00", "missing_lines": 0, "excluded_lines": 0, "percent_statements_covered": 100.0, "percent_statements_covered_display": "100.00", "num_branches": 0, "num_partial_branches": 0, "covered_branches": 0, "missing_branches": 0, "percent_branches_covered": 100.0, "percent_branches_covered_display": "100.00"}, "missing_lines": [], "excluded_lines": [], "start_line": 1, "executed_branches": [], "missing_branches": []}}}, "app/api/figma_github.py": {"executed_lines": [1, 3, 4, 5, 7, 8, 9, 10, 11, 13, 16, 17, 18, 19, 20, 21, 22, 23, 26, 27, 28, 29, 30, 33, 34, 35, 36, 37, 40, 41, 42, 49, 50, 51, 52, 54, 55, 57, 58, 59, 68, 71, 83, 86, 87, 93, 94, 95, 96, 97, 98, 99, 101, 102, 103, 119], "summary": {"covered_lines": 56, "num_statements": 59, "percent_covered": 93.50649350649351, "percent_covered_display": "93.51", "missing_lines": 3, "excluded_lines": 0, "percent_statements_covered": 94.91525423728814, "percent_statements_covered_display": "94.92", "num_branches": 18, "num_partial_branches": 2, "covered_branches": 16, "missing_branches": 2, "percent_branches_covered": 88.88888888888889, "percent_branches_covered_display": "88.89"}, "missing_lines": [69, 80, 81], "excluded_lines": [], "executed_branches": [[28, 29], [28, 30], [35, 36], [35, 37], [51, 52], [51, 54], [58, 59], [58, 68], [68, 71], [94, 95], [94, 96], [96, 97], [98, 99], [98, 101], [102, 103], [102, 119]], "missing_branches": [[68, 69], [96, 98]], "functions": {"_resolve_file_key": {"executed_lines": [27, 28, 29, 30], "summary": {"covered_lines": 4, "num_statements": 4, "percent_covered": 100.0, "percent_covered_display": "100.00", "missing_lines": 0, "excluded_lines": 0, "percent_statements_covered": 100.0, "percent_statements_covered_display": "100.00", "num_branches": 2, "num_partial_branches": 0, "covered_branches": 2, "missing_branches": 0, "percent_branches_covered": 100.0, "percent_branches_covered_display": "100.00"}, "missing_lines": [], "excluded_lines": [], "start_line": 26, "executed_branches": [[28, 29], [28, 30]], "missing_branches": []}, "_resolve_repo": {"executed_lines": [34, 35, 36, 37], "summary": {"covered_lines": 4, "num_statements": 4, "percent_covered": 100.0, "percent_covered_display": "100.00", "missing_lines": 0, "excluded_lines": 0, "percent_statements_covered": 100.0, "percent_statements_covered_display": "100.00", "num_branches": 2, "num_partial_branches": 0, "covered_branches": 2, "missing_branches": 0, "percent_branches_covered": 100.0, "percent_branches_covered_display": "100.00"}, "missing_lines": [], "excluded_lines": [], "start_line": 33, "executed_branches": [[35, 36], [35, 37]], "missing_branches": []}, "config_figma_github": {"executed_lines": [42], "summary": {"covered_lines": 1, "num_statements": 1, "percent_covered": 100.0, "percent_covered_display": "100.00", "missing_lines": 0, "excluded_lines": 0, "percent_statements_covered": 100.0, "percent_statements_covered_display": "100.00", "num_branches": 0, "num_partial_branches": 0, "covered_branches": 0, "missing_branches": 0, "percent_branches_covered": 100.0, "percent_branches_covered_display": "100.00"}, "missing_lines": [], "excluded_lines": [], "start_line": 41, "executed_branches": [], "missing_branches": []}, "sincronizar_figma_github": {"executed_lines": [51, 52, 54, 55, 57, 58, 59, 68, 71, 83], "summary": {"covered_lines": 10, "num_statements": 13, "percent_covered": 78.94736842105263, "percent_covered_display": "78.95", "missing_lines": 3, "excluded_lines": 0, "percent_statements_covered": 76.92307692307692, "percent_statements_covered_display": "76.92", "num_branches": 6, "num_partial_branches": 1, "covered_branches": 5, "missing_branches": 1, "percent_branches_covered": 83.33333333333333, "percent_branches_covered_display": "83.33"}, "missing_lines": [69, 80, 81], "excluded_lines": [], "start_line": 50, "executed_branches": [[51, 52], [51, 54], [58, 59], [58, 68], [68, 71]], "missing_branches": [[68, 69]]}, "status_figma_github": {"executed_lines": [93, 94, 95, 96, 97, 98, 99, 101, 102, 103, 119], "summary": {"covered_lines": 11, "num_statements": 11, "percent_covered": 94.73684210526316, "percent_covered_display": "94.74", "missing_lines": 0, "excluded_lines": 0, "percent_statements_covered": 100.0, "percent_statements_covered_display": "100.00", "num_branches": 8, "num_partial_branches": 1, "covered_branches": 7, "missing_branches": 1, "percent_branches_covered": 87.5, "percent_branches_covered_display": "87.50"}, "missing_lines": [], "excluded_lines": [], "start_line": 87, "executed_branches": [[94, 9
[...]
.00", "missing_lines": 0, "excluded_lines": 0, "percent_statements_covered": 100.0, "percent_statements_covered_display": "100.00", "num_branches": 4, "num_partial_branches": 0, "covered_branches": 4, "missing_branches": 0, "percent_branches_covered": 100.0, "percent_branches_covered_display": "100.00"}, "missing_lines": [], "excluded_lines": [], "start_line": 1, "executed_branches": [[49, 50], [49, 51], [85, 86], [85, 103]], "missing_branches": []}}}, "app/services/webhook_processor.py": {"executed_lines": [1, 3, 5, 6, 7, 10, 11, 12, 15, 20, 22, 23, 25, 37, 38, 39, 41, 42, 58, 59, 60, 61, 62, 63, 64, 79, 80], "summary": {"covered_lines": 27, "num_statements": 27, "percent_covered": 94.5945945945946, "percent_covered_display": "94.59", "missing_lines": 0, "excluded_lines": 0, "percent_statements_covered": 100.0, "percent_statements_covered_display": "100.00", "num_branches": 10, "num_partial_branches": 2, "covered_branches": 8, "missing_branches": 2, "percent_branches_covered": 80.0, "percent_branches_covered_display": "80.00"}, "missing_lines": [], "excluded_lines": [], "executed_branches": [[22, 23], [22, 79], [41, 42], [41, 58], [58, 22], [58, 59], [59, 60], [61, 62]], "missing_branches": [[59, 22], [61, 22]], "functions": {"_resolver_requisito_id": {"executed_lines": [11, 12], "summary": {"covered_lines": 2, "num_statements": 2, "percent_covered": 100.0, "percent_covered_display": "100.00", "missing_lines": 0, "excluded_lines": 0, "percent_statements_covered": 100.0, "percent_statements_covered_display": "100.00", "num_branches": 0, "num_partial_branches": 0, "covered_branches": 0, "missing_branches": 0, "percent_branches_covered": 100.0, "percent_branches_covered_display": "100.00"}, "missing_lines": [], "excluded_lines": [], "start_line": 10, "executed_branches": [], "missing_branches": []}, "salvar_vinculos": {"executed_lines": [20, 22, 23, 25, 37, 38, 39, 41, 42, 58, 59, 60, 61, 62, 63, 64, 79, 80], "summary": {"covered_lines": 18, "num_statements": 18, "percent_covered": 92.85714285714286, "percent_covered_display": "92.86", "missing_lines": 0, "excluded_lines": 0, "percent_statements_covered": 100.0, "percent_statements_covered_display": "100.00", "num_branches": 10, "num_partial_branches": 2, "covered_branches": 8, "missing_branches": 2, "percent_branches_covered": 80.0, "percent_branches_covered_display": "80.00"}, "missing_lines": [], "excluded_lines": [], "start_line": 15, "executed_branches": [[22, 23], [22, 79], [41, 42], [41, 58], [58, 22], [58, 59], [59, 60], [61, 62]], "missing_branches": [[59, 22], [61, 22]]}, "": {"executed_lines": [1, 3, 5, 6, 7, 10, 15], "summary": {"covered_lines": 7, "num_statements": 7, "percent_covered": 100.0, "percent_covered_display": "100.00", "missing_lines": 0, "excluded_lines": 0, "percent_statements_covered": 100.0, "percent_statements_covered_display": "100.00", "num_branches": 0, "num_partial_branches": 0, "covered_branches": 0, "missing_branches": 0, "percent_branches_covered": 100.0, "percent_branches_covered_display": "100.00"}, "missing_lines": [], "excluded_lines": [], "start_line": 1, "executed_branches": [], "missing_branches": []}}, "classes": {"": {"executed_lines": [1, 3, 5, 6, 7, 10, 11, 12, 15, 20, 22, 23, 25, 37, 38, 39, 41, 42, 58, 59, 60, 61, 62, 63, 64, 79, 80], "summary": {"covered_lines": 27, "num_statements": 27, "percent_covered": 94.5945945945946, "percent_covered_display": "94.59", "missing_lines": 0, "excluded_lines": 0, "percent_statements_covered": 100.0, "percent_statements_covered_display": "100.00", "num_branches": 10, "num_partial_branches": 2, "covered_branches": 8, "missing_branches": 2, "percent_branches_covered": 80.0, "percent_branches_covered_display": "80.00"}, "missing_lines": [], "excluded_lines": [], "start_line": 1, "executed_branches": [[22, 23], [22, 79], [41, 42], [41, 58], [58, 22], [58, 59], [59, 60], [61, 62]], "missing_branches": [[59, 22], [61, 22]]}}}, "app/services/wiki_publisher.py": {"executed_lines": [1, 2, 3, 4, 5, 6, 8, 9, 10, 12, 14, 15, 16, 17, 21, 24, 25, 26, 27, 32, 35, 37, 38, 45, 46, 47, 48, 49, 50, 51, 52, 53, 54, 55, 57, 75, 76, 83, 84, 85, 88, 89, 90, 97, 106, 107, 108, 110, 111, 120, 129, 130, 131, 132, 138, 140, 141, 142, 143, 144, 145, 147, 148, 156, 157, 165, 166, 167, 168, 175, 176, 185, 194, 195, 196, 198, 199, 207, 212, 213, 215, 222, 223, 224, 225, 226, 227, 229, 230, 238, 239, 246, 247, 248, 249, 270, 282, 283, 284, 285, 288, 290, 291, 293, 294, 303, 304, 317, 318, 319, 322, 324, 325, 326, 328, 329, 330, 341, 342], "summary": {"covered_lines": 119, "num_statements": 122, "percent_covered": 97.1830985915493, "percent_covered_display": "97.18", "missing_lines": 3, "excluded_lines": 0, "percent_statements_covered": 97.54098360655738, "percent_statements_covered_display": "97.54", "num_branches": 20, "num_partial_branches": 1, "covered_branches": 19, "missing_branches": 1, "percent_branches_covered": 95.0, "percent_branches_covered_display": "95.00"}, "missing_lines": [86, 256, 257], "excluded_lines": [], "executed_branches": [[26, 27], [26, 32], [37, -35], [37, 38], [85, 88], [110, 111], [110, 120], [195, 196], [195, 198], [212, 213], [212, 215], [290, 291], [290, 317], [293, 294], [293, 303], [303, 304], [303, 317], [329, 330], [329, 341]], "missing_branches": [[85, 86]], "functions": {"_circuit_for": {"executed_lines": [25, 26, 27, 32], "summary": {"covered_lines": 4, "num_statements": 4, "percent_covered": 100.0, "percent_covered_display": "100.00", "missing_lines": 0, "excluded_lines": 0, "percent_statements_covered": 100.0, "percent_statements_covered_display": "100.00", "num_branches": 2, "num_partial_branches": 0, "covered_branches": 2, "missing_branches": 0, "percent_branches_covered": 100.0, "percent_branches_covered_display": "100.00"}, "missing_lines": [], "excluded_lines": [], "start_line": 24, "executed_branches": [[26, 27], [26, 32]], "missing_branches": []}, "reset_circuit_breakers": {"executed_lines": [37, 38], "summary": {"covered_lines": 2, "num_statements": 2, "percent_covered": 100.0, "percent_covered_display": "100.00", "missing_lines": 0, "excluded_lines": 0, "percent_statements_covered": 100.0, "percent_statements_covered_display": "100.00", "num_branches": 2, "num_partial_branches": 0, "covered_branches": 2, "missing_branches": 0, "percent_branches_covered": 100.0, "percent_branches_covered_display": "100.00"}, "missing_lines": [], "excluded_lines": [], "start_line": 35, "executed_branches": [[37, -35], [37, 38]], "missing_branches": []}, "gerar_conteudo_wiki_requisito": {"executed_lines": [46, 47, 48, 49, 50, 51, 52, 53, 54, 55, 57], "summary": {"covered_lines": 11, "num_statements": 11, "percent_covered": 100.0, "percent_covered_display": "100.00", "missing_lines": 0, "excluded_lines": 0, "percent_statements_covered": 100.0, "percent_statements_covered_display": "100.00", "num_branches": 0, "num_partial_branches": 0, "covered_branches": 0, "missing_branches": 0, "percent_branches_covered": 100.0, "percent_branches_covered_display": "100.00"}, "missing_lines": [], "excluded_lines": [], "start_line": 45, "executed_branches": [], "missing_branches": []}, "_hash_conteudo": {"executed_lines": [76], "summary": {"covered_lines": 1, "num_statements": 1, "percent_covered": 100.0, "percent_covered_display": "100.00", "missing_lines": 0, "excluded_lines": 0, "percent_statements_covered": 100.0, "percent_statements_covered_display": "100.00", "num_branches": 0, "num_partial_branches": 0, "covered_branches": 0, "missing_branches": 0, "percent_branches_covered": 100.0, "percent_branches_covered_display": "100.00"}, "missing_lines": [], "excluded_lines": [], "start_line": 75, "executed_branches": [], "missing_branches": []}, "_checar_github": {"executed_lines": [84, 85, 88, 89, 90], "summary": {"covered_lines": 5, "num_statements": 6, "percent_covered": 75.0, "percent_covered_display": "75.00", "missing_lines": 1, "excluded_lines": 0, "percent_statements_covered": 83.33333333333333, "percent_statements_covered_display": "83.33", "num_branches": 2, "num_partial_branches": 1, "covered_branches": 1, "missing_branches": 1, "percent_branches_covered": 50.0, "percent_branches_covered_display": "50.00"}, "missing_lines": [86], "excluded_lines": [], "start_line": 83, "executed_branches": [[85, 88]], "missing_branches": [[85, 86]]}, "_publicar_redmine_wiki": {"executed_lines": [106, 107, 108, 110, 111, 120, 129, 130, 131, 132, 138, 140, 147, 148, 156, 157, 165, 166, 167, 168, 175, 176], "summary": {"covered_lines": 22, "num_statements": 22, "percent_covered": 100.0, "percent_covered_display": "100.00", "missing_lines": 0, "excluded_lines": 0, "percent_statements_covered": 100.0, "percent_statements_covered_display": "100.00", "num_branches": 2, "num_partial_branches": 0, "covered_branches": 2, "missing_branches": 0, "percent_branches_covered": 100.0, "percent_branches_covered_display": "100.00"}, "missing_lines": [], "excluded_lines": [], "start_line": 97, "executed_branches": [[110, 111], [110, 120]], "missing_branches": []}, "_publicar_redmine_wiki._do": {"executed_lines": [141, 142, 143, 144, 145], "summary": {"covered_lines": 5, "num_statements": 5, "percent_covered": 100.0, "percent_covered_display": "100.00", "missing_lines": 0, "excluded_lines": 0, "percent_statements_covered": 100.0, "percent_statements_covered_display": "100.00", "num_branches": 0, "num_partial_branches": 0, "covered_branches": 0, "missing_branches": 0, "percent_branches_covered": 100.0, "percent_branches_covered_display": "100.00"}, "missing_lines": [], "excluded_lines": [], "start_line": 140, "executed_branches": [], "missing_branches": []}, "_chamar_wiki_sync": {"executed_lines": [194, 195, 196, 198, 199, 207, 212, 213, 215, 222, 229, 230, 238, 239, 246, 247, 248, 249], "summary": {"covered_lines": 18, "num_statements": 20, "percent_covered": 91.66666666666667, "percent_covered_display": "91.67", "missing_lines": 2, "excluded_lines": 0, "percent_statements_covered": 90.0, "percent_statements_covered_display": "90.00", "num_branches": 4, "num_partial_branches": 0, "covered_branches": 4, "missing_branches": 0, "percent_branches_covered": 100.0, "percent_branches_covered_display": "100.00"}, "missing_lines": [256, 257], "excluded_lines": [], "start_line": 185, "executed_branches": [[195, 196], [195, 198], [212, 213], [212, 215]], "missing_branches": []}, "_chamar_wiki_sync._do": {"executed_lines": [223, 224, 225, 226, 227], "summary": {"covered_lines": 5, "num_statements": 5, "percent_covered": 100.0, "percent_covered_display": "100.00", "missing_lines": 0, "excluded_lines": 0, "percent_statements_covered": 100.0, "percent_statements_covered_display": "100.00", "num_branches": 0, "num_partial_branches": 0, "covered_branches": 0, "missing_branches": 0, "percent_branches_covered": 100.0, "percent_branches_covered_display": "100.00"}, "missing_lines": [], "excluded_lines": [], "start_line": 222, "executed_branches": [], "missing_branches": []}, "publicar_requisito_no_wiki": {"executed_lines": [282, 283, 284, 285, 288, 290, 291, 293, 294, 303, 304, 317, 318, 319], "summary": {"covered_lines": 14, "num_statements": 14, "percent_covered": 100.0, "percent_covered_display": "100.00", "missing_lines": 0, "excluded_lines": 0, "percent_statements_covered": 100.0, "percent_statements_covered_display": "100.00", "num_branches": 6, "num_partial_branches": 0, "covered_branches": 6, "missing_branches": 0, "percent_branches_covered": 100.0, "percent_branches_covered_display": "100.00"}, "missing_lines": [], "excluded_lines": [], "start_line": 270, "executed_branches": [[290, 291], [290, 317], [293, 294], [293, 303], [303, 304], [303, 317]], "missing_branches": []}, "consultar_status_wiki": {"executed_lines": [324, 325, 326, 328, 329, 330, 341, 342], "summary": {"covered_lines": 8, "num_statements": 8, "percent_covered": 100.0, "percent_covered_display": "100.00", "missing_lines": 0, "excluded_lines": 0, "percent_statements_covered": 100.0, "percent_statements_covered_display": "100.00", "num_branches": 2, "num_partial_branches": 0, "covered_branches": 2, "missing_branches": 0, "percent_branches_covered": 100.0, "percent_branches_covered_display": "100.00"}, "missing_lines": [], "excluded_lines": [], "start_line": 322, "executed_branches": [[329, 330], [329, 341]], "missing_branches": []}, "": {"executed_lines": [1, 2, 3, 4, 5, 6, 8, 9, 10, 12, 14, 15, 16, 17, 21, 24, 35, 45, 75, 83, 97, 185, 270, 322], "summary": {"covered_lines": 24, "num_statements": 24, "percent_covered": 100.0, "percent_covered_display": "100.00", "missing_lines": 0, "excluded_lines": 0, "percent_statements_covered": 100.0, "percent_statements_covered_display": "100.00", "num_branches": 0, "num_partial_branches": 0, "covered_branches": 0, "missing_branches": 0, "percent_branches_covered": 100.0, "percent_branches_covered_display": "100.00"}, "missing_lines": [], "excluded_lines": [], "start_line": 1, "executed_branches": [], "missing_branches": []}}, "classes": {"": {"executed_lines": [1, 2, 3, 4, 5, 6, 8, 9, 10, 12, 14, 15, 16, 17, 21, 24, 25, 26, 27, 32, 35, 37, 38, 45, 46, 47, 48, 49, 50, 51, 52, 53, 54, 55, 57, 75, 76, 83, 84, 85, 88, 89, 90, 97, 106, 107, 108, 110, 111, 120, 129, 130, 131, 132, 138, 140, 141, 142, 143, 144, 145, 147, 148, 156, 157, 165, 166, 167, 168, 175, 176, 185, 194, 195, 196, 198, 199, 207, 212, 213, 215, 222, 223, 224, 225, 226, 227, 229, 230, 238, 239, 246, 247, 248, 249, 270, 282, 283, 284, 285, 288, 290, 291, 293, 294, 303, 304, 317, 318, 319, 322, 324, 325, 326, 328, 329, 330, 341, 342], "summary": {"covered_lines": 119, "num_statements": 122, "percent_covered": 97.1830985915493, "percent_covered_display": "97.18", "missing_lines": 3, "excluded_lines": 0, "percent_statements_covered": 97.54098360655738, "percent_statements_covered_display": "97.54", "num_branches": 20, "num_partial_branches": 1, "covered_branches": 19, "missing_branches": 1, "percent_branches_covered": 95.0, "percent_branches_covered_display": "95.00"}, "missing_lines": [86, 256, 257], "excluded_lines": [], "start_line": 1, "executed_branches": [[26, 27], [26, 32], [37, -35], [37, 38], [85, 88], [110, 111], [110, 120], [195, 196], [195, 198], [212, 213], [212, 215], [290, 291], [290, 317], [293, 294], [293, 303], [303, 304], [303, 317], [329, 330], [329, 341]], "missing_branches": [[85, 86]]}}}, "app/testing/__init__.py": {"executed_lines": [], "summary": {"covered_lines": 0, "num_statements": 0, "percent_covered": 100.0, "percent_covered_display": "100.00", "missing_lines": 0, "excluded_lines": 0, "percent_statements_covered": 100.0, "percent_statements_covered_display": "100.00", "num_branches": 0, "num_partial_branches": 0, "covered_branches": 0, "missing_branches": 0, "percent_branches_covered": 100.0, "percent_branches_covered_display": "100.00"}, "missing_lines": [], "excluded_lines": [], "executed_branches": [], "missing_branches": [], "functions": {"": {"executed_lines": [], "summary": {"covered_lines": 0, "num_statements": 0, "percent_covered": 100.0, "percent_covered_display": "100.00", "missing_lines": 0, "excluded_lines": 0, "percent_statements_covered": 100.0, "percent_statements_covered_display": "100.00", "num_branches": 0, "num_partial_branches": 0, "covered_branches": 0, "missing_branches": 0, "percent_branches_covered": 100.0, "percent_branches_covered_display": "100.00"}, "missing_lines": [], "excluded_lines": [], "start_line": 1, "executed_branches": [], "missing_branches": []}}, "classes": {"": {"executed_lines": [], "summary": {"covered_lines": 0, "num_statements": 0, "percent_covered": 100.0, "percent_covered_display": "100.00", "missing_lines": 0, "excluded_lines": 0, "percent_statements_covered": 100.0, "percent_statements_covered_display": "100.00", "num_branches": 0, "num_partial_branches": 0, "covered_branches": 0, "missing_branches": 0, "percent_branches_covered": 100.0, "percent_branches_covered_display": "100.00"}, "missing_lines": [], "excluded_lines": [], "start_line": 1, "executed_branches": [], "missing_branches": []}}}, "app/testing/repository_paths.py": {"executed_lines": [1, 3, 11, 17, 18, 19, 21, 22, 23, 24, 25, 26, 27, 29, 30, 33, 35, 36, 38, 39, 40, 41], "summary": {"covered_lines": 22, "num_statements": 22, "percent_covered": 100.0, "percent_covered_display": "100.00", "missing_lines": 0, "excluded_lines": 0, "percent_statements_covered": 100.0, "percent_statements_covered_display": "100.00", "num_branches": 14, "num_partial_branches": 0, "covered_branches": 14, "missing_branches": 0, "percent_branches_covered": 100.0, "percent_branches_covered_display": "100.00"}, "missing_lines": [], "excluded_lines": [], "executed_branches": [[18, 19], [18, 21], [21, 22], [21, 29], [22, 23], [22, 24], [24, 25], [24, 26], [26, 21], [26, 27], [35, 36], [35, 38], [39, 40], [39, 41]], "missing_branches": [], "functions": {"get_repository_root": {"executed_lines": [17, 18, 19, 21, 22, 23, 24, 25, 26, 27, 29, 30], "summary": {"covered_lines": 12, "num_statements": 12, "percent_covered": 100.0, "percent_covered_display": "100.00", "missing_lines": 0, "excluded_lines": 0, "percent_statements_covered": 100.0, "percent_statements_covered_display": "100.00", "num_branches": 10, "num_partial_branches": 0, "covered_branches": 10, "missing_branches": 0, "percent_branches_covered": 100.0, "percent_branches_covered_display": "100.00"}, "missing_lines": [], "excluded_lines": [], "start_line": 11, "executed_branches": [[18, 19], [18, 21], [21, 22], [21, 29], [22, 23], [22, 24], [24, 25], [24, 26], [26, 21], [26, 27]], "missing_branches": []}, "resolve_repo_file": {"executed_lines": [35, 36, 38, 39, 40, 41], "summary": {"covered_lines": 6, "num_statements": 6, "percent_covered": 100.0, "percent_covered_display": "100.00", "missing_lines": 0, "excluded_lines": 0, "percent_statements_covered": 100.0, "percent_statements_covered_display": "100.00", "num_branches": 4, "num_partial_branches": 0, "covered_branches": 4, "missing_branches": 0, "percent_branches_covered": 100.0, "percent_branches_covered_display": "100.00"}, "missing_lines": [], "excluded_lines": [], "start_line": 33, "executed_branches": [[35, 36], [35, 38], [39, 40], [39, 41]], "missing_branches": []}, "": {"executed_lines": [1, 3, 11, 33], "summary": {"covered_lines": 4, "num_statements": 4, "percent_covered": 100.0, "percent_covered_display": "100.00", "missing_lines": 0, "excluded_lines": 0, "percent_statements_covered": 100.0, "percent_statements_covered_display": "100.00", "num_branches": 0, "num_partial_branches": 0, "covered_branches": 0, "missing_branches": 0, "percent_branches_covered": 100.0, "percent_branches_covered_display": "100.00"}, "missing_lines": [], "excluded_lines": [], "start_line": 1, "executed_branches": [], "missing_branches": []}}, "classes": {"": {"executed_lines": [1, 3, 11, 17, 18, 19, 21, 22, 23, 24, 25, 26, 27, 29, 30, 33, 35, 36, 38, 39, 40, 41], "summary": {"covered_lines": 22, "num_statements": 22, "percent_covered": 100.0, "percent_covered_display": "100.00", "missing_lines": 0, "excluded_lines": 0, "percent_statements_covered": 100.0, "percent_statements_covered_display": "100.00", "num_branches": 14, "num_partial_branches": 0, "covered_branches": 14, "missing_branches": 0, "percent_branches_covered": 100.0, "percent_branches_covered_display": "100.00"}, "missing_lines": [], "excluded_lines": [], "start_line": 1, "executed_branches": [[18, 19], [18, 21], [21, 22], [21, 29], [22, 23], [22, 24], [24, 25], [24, 26], [26, 21], [26, 27], [35, 36], [35, 38], [39, 40], [39, 41]], "missing_branches": []}}}}, "totals": {"covered_lines": 7912, "num_statements": 8332, "percent_covered": 93.45332278481013, "percent_covered_display": "93.45", "missing_lines": 420, "excluded_lines": 30, "percent_statements_covered": 94.95919347095536, "percent_statements_covered_display": "94.96", "num_branches": 1780, "num_partial_branches": 186, "covered_branches": 1538, "missing_branches": 242, "percent_branches_covered": 86.40449438202248, "percent_branches_covered_display": "86.40"}}